<!DOCTYPE html>

<html>
  <head>
  <meta charset='utf-8'>
  <title>TestNG reports</title>

    <link type="text/css" href="testng-reports1.css" rel="stylesheet" id="ultra" />
    <link type="text/css" href="testng-reports.css" rel="stylesheet" id="retro" disabled="false"/>
    <script type="text/javascript" src="jquery-3.6.0.min.js"></script>
    <script type="text/javascript" src="testng-reports.js"></script>
    <script type="text/javascript" src="https://www.google.com/jsapi"></script>
    <script type='text/javascript'>
      google.load('visualization', '1', {packages:['table']});
      google.setOnLoadCallback(drawTable);
      var suiteTableInitFunctions = new Array();
      var suiteTableData = new Array();
    </script>
    <!--
      <script type="text/javascript" src="jquery-ui/js/jquery-ui-1.8.16.custom.min.js"></script>
     -->
  </head>

  <body>    <div class="top-banner-root">
      <span class="top-banner-title-font">Test results</span>
      <button id="button" class="button">Switch Retro Theme</button> <!-- button -->
      <br/>
      <span class="top-banner-font-1">1 suite, 12 failed tests</span>
    </div> <!-- top-banner-root -->
    <div class="navigator-root">
      <div class="navigator-suite-header">
        <span>All suites</span>
        <a href="#" title="Collapse/expand all the suites" class="collapse-all-link">
          <img src="collapseall.gif" class="collapse-all-icon">
          </img> <!-- collapse-all-icon -->
        </a> <!-- collapse-all-link -->
      </div> <!-- navigator-suite-header -->
      <div class="suite">
        <div class="rounded-window">
          <div class="suite-header light-rounded-window-top">
            <a href="#" panel-name="suite-Automation_Suite" class="navigator-link">
              <span class="suite-name border-failed">Automation Suite</span>
            </a> <!-- navigator-link -->
          </div> <!-- suite-header light-rounded-window-top -->
          <div class="navigator-suite-content">
            <div class="suite-section-title">
              <span>Info</span>
            </div> <!-- suite-section-title -->
            <div class="suite-section-content">
              <ul>
                <li>
                  <a href="#" panel-name="test-xml-Automation_Suite" class="navigator-link ">
                    <span>D:\bestBuy\testng.xml</span>
                  </a> <!-- navigator-link  -->
                </li>
                <li>
                  <a href="#" panel-name="testlist-Automation_Suite" class="navigator-link ">
                    <span class="test-stats">1 test</span>
                  </a> <!-- navigator-link  -->
                </li>
                <li>
                  <a href="#" panel-name="group-Automation_Suite" class="navigator-link ">
                    <span>0 groups</span>
                  </a> <!-- navigator-link  -->
                </li>
                <li>
                  <a href="#" panel-name="times-Automation_Suite" class="navigator-link ">
                    <span>Times</span>
                  </a> <!-- navigator-link  -->
                </li>
                <li>
                  <a href="#" panel-name="reporter-Automation_Suite" class="navigator-link ">
                    <span>Reporter output</span>
                  </a> <!-- navigator-link  -->
                </li>
                <li>
                  <a href="#" panel-name="ignored-methods-Automation_Suite" class="navigator-link ">
                    <span>Ignored methods</span>
                  </a> <!-- navigator-link  -->
                </li>
                <li>
                  <a href="#" panel-name="chronological-Automation_Suite" class="navigator-link ">
                    <span>Chronological view</span>
                  </a> <!-- navigator-link  -->
                </li>
              </ul>
            </div> <!-- suite-section-content -->
            <div class="result-section">
              <div class="suite-section-title">
                <span>Results</span>
              </div> <!-- suite-section-title -->
              <div class="suite-section-content">
                <ul>
                  <li>
                    <span class="method-stats">31 methods, 12 failed,  7 skipped,  12 passed</span>
                  </li>
                  <li>
                    <span class="method-list-title failed">Failed methods</span>
                    <span class="show-or-hide-methods failed">
                      <a href="#" panel-name="suite-Automation_Suite" class="hide-methods failed suite-Automation_Suite"> (hide)</a> <!-- hide-methods failed suite-Automation_Suite -->
                      <a href="#" panel-name="suite-Automation_Suite" class="show-methods failed suite-Automation_Suite"> (show)</a> <!-- show-methods failed suite-Automation_Suite -->
                    </span>
                    <div class="method-list-content failed suite-Automation_Suite">
                      <span>
                        <img src="failed.png" width="3%"/>
                        <a href="#" panel-name="suite-Automation_Suite" title="testCaseBestBuy.TC_03_SignInFunctionality" class="method navigator-link" hash-for-method="tc_03_SignInFunctionality(vino18493@gmail.com, teting, //div[text()=&#039;The password was incorrect. Please try again.&#039;], The pass...)">tc_03_SignInFunctionality(vino18493@gmail.com, teting, //div[text()='The password was incorrect. Please try again.'], The pass...)</a> <!-- method navigator-link -->
                      </span>
                      <br/>
                      <span>
                        <img src="failed.png" width="3%"/>
                        <a href="#" panel-name="suite-Automation_Suite" title="testCaseBestBuy.TC_03_SignInFunctionality" class="method navigator-link" hash-for-method="tc_03_SignInFunctionality(vino18493@gmail.com, testingtesting, //span[text()=&#039;Hi, Test&#039;], Hi, Test)">tc_03_SignInFunctionality(vino18493@gmail.com, testingtesting, //span[text()='Hi, Test'], Hi, Test)</a> <!-- method navigator-link -->
                      </span>
                      <br/>
                      <span>
                        <img src="failed.png" width="3%"/>
                        <a href="#" panel-name="suite-Automation_Suite" title="testCaseBestBuy.TC_03_SignInFunctionality" class="method navigator-link" hash-for-method="tc_03_SignInFunctionality(vino184@gmail.com, testingtesting, //div[text()=&#039;Sorry, something went wrong. Please try again.&#039;], S...)">tc_03_SignInFunctionality(vino184@gmail.com, testingtesting, //div[text()='Sorry, something went wrong. Please try again.'], S...)</a> <!-- method navigator-link -->
                      </span>
                      <br/>
                      <span>
                        <img src="failed.png" width="3%"/>
                        <a href="#" panel-name="suite-Automation_Suite" title="testCaseBestBuy.TC_03_SignInFunctionality" class="method navigator-link" hash-for-method="tc_03_SignInFunctionality(vino184@gmail.com, testing, //strong//div, We didn&#039;t find an account with that email address. Would ...)">tc_03_SignInFunctionality(vino184@gmail.com, testing, //strong//div, We didn't find an account with that email address. Would ...)</a> <!-- method navigator-link -->
                      </span>
                      <br/>
                      <span>
                        <img src="failed.png" width="3%"/>
                        <a href="#" panel-name="suite-Automation_Suite" title="testCaseBestBuy.TC_03_CreatAccountFunctionality" class="method navigator-link" hash-for-method="tc_03_validateCreatAccountFunctionality(test, t, vino18493@gmail.com, testingtesting, testingtesting, 9876543210, //strong[text()=&#039;Sorry, th...)">tc_03_validateCreatAccountFunctionality(test, t, vino18493@gmail.com, testingtesting, testingtesting, 9876543210, //strong[text()='Sorry, th...)</a> <!-- method navigator-link -->
                      </span>
                      <br/>
                      <span>
                        <img src="failed.png" width="3%"/>
                        <a href="#" panel-name="suite-Automation_Suite" title="testCaseBestBuy.TC_04_CheckTitleOfAllMenu" class="method navigator-link" hash-for-method="tc_04_CheckTitleOfAllMenu(Totaltech Membership, Best Buy Totaltech™ – Best Buy)">tc_04_CheckTitleOfAllMenu(Totaltech Membership, Best Buy Totaltech™ – Best Buy)</a> <!-- method navigator-link -->
                      </span>
                      <br/>
                      <span>
                        <img src="failed.png" width="3%"/>
                        <a href="#" panel-name="suite-Automation_Suite" title="testCaseBestBuy.TC_04_CheckTitleOfAllMenu" class="method navigator-link" hash-for-method="tc_04_CheckTitleOfAllMenu(Top Deals, Top Deals and Featured Offers on Electronics - Best Buy)">tc_04_CheckTitleOfAllMenu(Top Deals, Top Deals and Featured Offers on Electronics - Best Buy)</a> <!-- method navigator-link -->
                      </span>
                      <br/>
                      <span>
                        <img src="failed.png" width="3%"/>
                        <a href="#" panel-name="suite-Automation_Suite" title="testCaseBestBuy.TC_04_CheckTitleOfAllMenu" class="method navigator-link" hash-for-method="tc_04_CheckTitleOfAllMenu(Deal of the Day, Deal of the Day: Electronics Deals - Best Buy)">tc_04_CheckTitleOfAllMenu(Deal of the Day, Deal of the Day: Electronics Deals - Best Buy)</a> <!-- method navigator-link -->
                      </span>
                      <br/>
                      <span>
                        <img src="failed.png" width="3%"/>
                        <a href="#" panel-name="suite-Automation_Suite" title="testCaseBestBuy.TC_05_ValidateLinkInBottomOfHomePage" class="method navigator-link" hash-for-method="tc_05_validateLinkInBottomOfHomePage">tc_05_validateLinkInBottomOfHomePage</a> <!-- method navigator-link -->
                      </span>
                      <br/>
                      <span>
                        <img src="failed.png" width="3%"/>
                        <a href="#" panel-name="suite-Automation_Suite" title="testCaseBestBuy.TC_07_SelAddItemShopByDeptMenu" class="method navigator-link" hash-for-method="tc_07_selAddItemShopByDeptMenu">tc_07_selAddItemShopByDeptMenu</a> <!-- method navigator-link -->
                      </span>
                      <br/>
                      <span>
                        <img src="failed.png" width="3%"/>
                        <a href="#" panel-name="suite-Automation_Suite" title="testCaseBestBuy.TC_08_SelAddItemShopByBrandMenu" class="method navigator-link" hash-for-method="tc_08_selAddItemShopByBrandMenu">tc_08_selAddItemShopByBrandMenu</a> <!-- method navigator-link -->
                      </span>
                      <br/>
                      <span>
                        <img src="failed.png" width="3%"/>
                        <a href="#" panel-name="suite-Automation_Suite" title="testCaseBestBuy.TC_09_CheckOutPageFilling" class="method navigator-link" hash-for-method="tc_09_CheckOutPageFilling">tc_09_CheckOutPageFilling</a> <!-- method navigator-link -->
                      </span>
                      <br/>
                    </div> <!-- method-list-content failed suite-Automation_Suite -->
                  </li>
                  <li>
                    <span class="method-list-title skipped">Skipped methods</span>
                    <span class="show-or-hide-methods skipped">
                      <a href="#" panel-name="suite-Automation_Suite" class="hide-methods skipped suite-Automation_Suite"> (hide)</a> <!-- hide-methods skipped suite-Automation_Suite -->
                      <a href="#" panel-name="suite-Automation_Suite" class="show-methods skipped suite-Automation_Suite"> (show)</a> <!-- show-methods skipped suite-Automation_Suite -->
                    </span>
                    <div class="method-list-content skipped suite-Automation_Suite">
                      <span>
                        <img src="skipped.png" width="3%"/>
                        <a href="#" panel-name="suite-Automation_Suite" title="testCaseBestBuy.TC_04_CheckTitleOfAllMenu" class="method navigator-link" hash-for-method="tc_04_CheckTitleOfAllMenu(Health &amp; Wellness, Health &amp; Wellness Solutions &amp; Technology - Best Buy)">tc_04_CheckTitleOfAllMenu(Health & Wellness, Health & Wellness Solutions & Technology - Best Buy)</a> <!-- method navigator-link -->
                      </span>
                      <br/>
                      <span>
                        <img src="skipped.png" width="3%"/>
                        <a href="#" panel-name="suite-Automation_Suite" title="testCaseBestBuy.TC_04_CheckTitleOfAllMenu" class="method navigator-link" hash-for-method="tc_04_CheckTitleOfAllMenu(Gift Ideas, Gift Ideas 2023: Best Gifts to Give This Year - Best Buy)">tc_04_CheckTitleOfAllMenu(Gift Ideas, Gift Ideas 2023: Best Gifts to Give This Year - Best Buy)</a> <!-- method navigator-link -->
                      </span>
                      <br/>
                      <span>
                        <img src="skipped.png" width="3%"/>
                        <a href="#" panel-name="suite-Automation_Suite" title="testCaseBestBuy.TC_04_CheckTitleOfAllMenu" class="method navigator-link" hash-for-method="tc_04_CheckTitleOfAllMenu(Gift Cards, Gifts Cards and E-Gift Cards - Best Buy)">tc_04_CheckTitleOfAllMenu(Gift Cards, Gifts Cards and E-Gift Cards - Best Buy)</a> <!-- method navigator-link -->
                      </span>
                      <br/>
                      <span>
                        <img src="skipped.png" width="3%"/>
                        <a href="#" panel-name="suite-Automation_Suite" title="testCaseBestBuy.TC_04_CheckTitleOfAllMenu" class="method navigator-link" hash-for-method="tc_04_CheckTitleOfAllMenu(Credit Cards, Best Buy Credit Card: Rewards &amp; Financing)">tc_04_CheckTitleOfAllMenu(Credit Cards, Best Buy Credit Card: Rewards & Financing)</a> <!-- method navigator-link -->
                      </span>
                      <br/>
                      <span>
                        <img src="skipped.png" width="3%"/>
                        <a href="#" panel-name="suite-Automation_Suite" title="testCaseBestBuy.TC_04_CheckTitleOfAllMenu" class="method navigator-link" hash-for-method="tc_04_CheckTitleOfAllMenu(Best Buy Outlet, Best Buy Outlet: Clearance Electronics Outlet Store – Best Buy)">tc_04_CheckTitleOfAllMenu(Best Buy Outlet, Best Buy Outlet: Clearance Electronics Outlet Store – Best Buy)</a> <!-- method navigator-link -->
                      </span>
                      <br/>
                      <span>
                        <img src="skipped.png" width="3%"/>
                        <a href="#" panel-name="suite-Automation_Suite" title="testCaseBestBuy.TC_04_CheckTitleOfAllMenu" class="method navigator-link" hash-for-method="tc_04_CheckTitleOfAllMenu(Best Buy Business, Best Buy for Business - Best Buy)">tc_04_CheckTitleOfAllMenu(Best Buy Business, Best Buy for Business - Best Buy)</a> <!-- method navigator-link -->
                      </span>
                      <br/>
                      <span>
                        <img src="skipped.png" width="3%"/>
                        <a href="#" panel-name="suite-Automation_Suite" title="testCaseBestBuy.TC_06_SearchAddItemInCart" class="method navigator-link" hash-for-method="tc_06_SearchAddItemInCart">tc_06_SearchAddItemInCart</a> <!-- method navigator-link -->
                      </span>
                      <br/>
                    </div> <!-- method-list-content skipped suite-Automation_Suite -->
                  </li>
                  <li>
                    <span class="method-list-title passed">Passed methods</span>
                    <span class="show-or-hide-methods passed">
                      <a href="#" panel-name="suite-Automation_Suite" class="hide-methods passed suite-Automation_Suite"> (hide)</a> <!-- hide-methods passed suite-Automation_Suite -->
                      <a href="#" panel-name="suite-Automation_Suite" class="show-methods passed suite-Automation_Suite"> (show)</a> <!-- show-methods passed suite-Automation_Suite -->
                    </span>
                    <div class="method-list-content passed suite-Automation_Suite">
                      <span>
                        <img src="passed.png" width="3%"/>
                        <a href="#" panel-name="suite-Automation_Suite" title="testCaseBestBuy.TC_01_navgatingToBestBestApp" class="method navigator-link" hash-for-method="tc_01_navgatingToBestBestApp">tc_01_navgatingToBestBestApp</a> <!-- method navigator-link -->
                      </span>
                      <br/>
                      <span>
                        <img src="passed.png" width="3%"/>
                        <a href="#" panel-name="suite-Automation_Suite" title="testCaseBestBuy.TC_02_ValidateUrlIsNotBroken" class="method navigator-link" hash-for-method="tc_02_validateUrlIsNotBroken">tc_02_validateUrlIsNotBroken</a> <!-- method navigator-link -->
                      </span>
                      <br/>
                      <span>
                        <img src="passed.png" width="3%"/>
                        <a href="#" panel-name="suite-Automation_Suite" title="testCaseBestBuy.TC_03_CreatAccountFunctionality" class="method navigator-link" hash-for-method="tc_03_validateCreatAccountFunctionality(test, , vino18493@gmail.com, testingtesting, testingtesting, 9.87654321E9, //p[text()=&#039;Please enter ...)">tc_03_validateCreatAccountFunctionality(test, , vino18493@gmail.com, testingtesting, testingtesting, 9.87654321E9, //p[text()='Please enter ...)</a> <!-- method navigator-link -->
                      </span>
                      <br/>
                      <span>
                        <img src="passed.png" width="3%"/>
                        <a href="#" panel-name="suite-Automation_Suite" title="testCaseBestBuy.TC_03_CreatAccountFunctionality" class="method navigator-link" hash-for-method="tc_03_validateCreatAccountFunctionality(test, t, vino18493@gmail.com, testingtesting, testingtesting, 987654321, //p[text()=&#039;Please enter a ...)">tc_03_validateCreatAccountFunctionality(test, t, vino18493@gmail.com, testingtesting, testingtesting, 987654321, //p[text()='Please enter a ...)</a> <!-- method navigator-link -->
                      </span>
                      <br/>
                      <span>
                        <img src="passed.png" width="3%"/>
                        <a href="#" panel-name="suite-Automation_Suite" title="testCaseBestBuy.TC_03_CreatAccountFunctionality" class="method navigator-link" hash-for-method="tc_03_validateCreatAccountFunctionality(test, t, vino18493@gmail.com, test, test, 9.87654321E9, //p[text()=&#039;Please enter a strong password.&#039;...)">tc_03_validateCreatAccountFunctionality(test, t, vino18493@gmail.com, test, test, 9.87654321E9, //p[text()='Please enter a strong password.'...)</a> <!-- method navigator-link -->
                      </span>
                      <br/>
                      <span>
                        <img src="passed.png" width="3%"/>
                        <a href="#" panel-name="suite-Automation_Suite" title="testCaseBestBuy.TC_03_CreatAccountFunctionality" class="method navigator-link" hash-for-method="tc_03_validateCreatAccountFunctionality(test, t, vino18493@gmail.com, testingtesting, , 9.87654321E9, //p[text()=&#039;Passwords do not match.&#039;],...)">tc_03_validateCreatAccountFunctionality(test, t, vino18493@gmail.com, testingtesting, , 9.87654321E9, //p[text()='Passwords do not match.'],...)</a> <!-- method navigator-link -->
                      </span>
                      <br/>
                      <span>
                        <img src="passed.png" width="3%"/>
                        <a href="#" panel-name="suite-Automation_Suite" title="testCaseBestBuy.TC_03_CreatAccountFunctionality" class="method navigator-link" hash-for-method="tc_03_validateCreatAccountFunctionality(, t, vino18493@gmail.com, testingtesting, testingtesting, 9.87654321E9, //p[text()=&#039;Please enter you...)">tc_03_validateCreatAccountFunctionality(, t, vino18493@gmail.com, testingtesting, testingtesting, 9.87654321E9, //p[text()='Please enter you...)</a> <!-- method navigator-link -->
                      </span>
                      <br/>
                      <span>
                        <img src="passed.png" width="3%"/>
                        <a href="#" panel-name="suite-Automation_Suite" title="testCaseBestBuy.TC_03_CreatAccountFunctionality" class="method navigator-link" hash-for-method="tc_03_validateCreatAccountFunctionality(test, t, vino18493.com, testingtesting, testingtesting, 9.87654321E9, //p[text()=&#039;Please enter a val...)">tc_03_validateCreatAccountFunctionality(test, t, vino18493.com, testingtesting, testingtesting, 9.87654321E9, //p[text()='Please enter a val...)</a> <!-- method navigator-link -->
                      </span>
                      <br/>
                      <span>
                        <img src="passed.png" width="3%"/>
                        <a href="#" panel-name="suite-Automation_Suite" title="testCaseBestBuy.TC_03_CreatAccountFunctionality" class="method navigator-link" hash-for-method="tc_03_validateCreatAccountFunctionality(test, t, vino18493@gmail.com, , , 9.87654321E9, //p[text()=&#039;Please enter a strong password.&#039;], Pleas...)">tc_03_validateCreatAccountFunctionality(test, t, vino18493@gmail.com, , , 9.87654321E9, //p[text()='Please enter a strong password.'], Pleas...)</a> <!-- method navigator-link -->
                      </span>
                      <br/>
                      <span>
                        <img src="passed.png" width="3%"/>
                        <a href="#" panel-name="suite-Automation_Suite" title="testCaseBestBuy.TC_03_CreatAccountFunctionality" class="method navigator-link" hash-for-method="tc_03_validateCreatAccountFunctionality(test, t, vino18493@gmail.com, , testingtesting, 9.87654321E9, //p[text()=&#039;Passwords do not match.&#039;],...)">tc_03_validateCreatAccountFunctionality(test, t, vino18493@gmail.com, , testingtesting, 9.87654321E9, //p[text()='Passwords do not match.'],...)</a> <!-- method navigator-link -->
                      </span>
                      <br/>
                      <span>
                        <img src="passed.png" width="3%"/>
                        <a href="#" panel-name="suite-Automation_Suite" title="testCaseBestBuy.TC_03_CreatAccountFunctionality" class="method navigator-link" hash-for-method="tc_03_validateCreatAccountFunctionality(test, t, vino18493@gmail.com, testingtesting, testingtesting, qwertyuiop, //p[text()=&#039;Please enter a...)">tc_03_validateCreatAccountFunctionality(test, t, vino18493@gmail.com, testingtesting, testingtesting, qwertyuiop, //p[text()='Please enter a...)</a> <!-- method navigator-link -->
                      </span>
                      <br/>
                      <span>
                        <img src="passed.png" width="3%"/>
                        <a href="#" panel-name="suite-Automation_Suite" title="testCaseBestBuy.TC_03_CreatAccountFunctionality" class="method navigator-link" hash-for-method="tc_03_validateCreatAccountFunctionality(test, t, vino18493@gmail.com, testingtesting, testingtesting, 98765qwert, //p[text()=&#039;Please enter a...)">tc_03_validateCreatAccountFunctionality(test, t, vino18493@gmail.com, testingtesting, testingtesting, 98765qwert, //p[text()='Please enter a...)</a> <!-- method navigator-link -->
                      </span>
                      <br/>
                    </div> <!-- method-list-content passed suite-Automation_Suite -->
                  </li>
                </ul>
              </div> <!-- suite-section-content -->
            </div> <!-- result-section -->
          </div> <!-- navigator-suite-content -->
        </div> <!-- rounded-window -->
      </div> <!-- suite -->
    </div> <!-- navigator-root -->
    <div class="wrapper">
      <div class="main-panel-root">
        <div panel-name="suite-Automation_Suite" class="panel Automation_Suite">
          <div class="suite-Automation_Suite-class-failed">
            <div class="main-panel-header rounded-window-top">
              <img src="failed.png"/>
              <span class="class-name">testCaseBestBuy.TC_05_ValidateLinkInBottomOfHomePage</span>
            </div> <!-- main-panel-header rounded-window-top -->
            <div class="main-panel-content rounded-window-bottom">
              <div class="method">
                <div class="method-content">
                  <a name="tc_05_validateLinkInBottomOfHomePage">
                  </a> <!-- tc_05_validateLinkInBottomOfHomePage -->
                  <span class="method-name">tc_05_validateLinkInBottomOfHomePage</span>
                  <div class="stack-trace">org.openqa.selenium.TimeoutException: Expected condition failed: waiting for visibility of Proxy element for: DefaultElementLocator &apos;By.xpath: //a[text()=&apos;Terms &amp; Conditions&apos;]&apos; (tried for 20 second(s) with 500 milliseconds interval)
	at org.openqa.selenium.support.ui.WebDriverWait.timeoutException(WebDriverWait.java:84)
	at org.openqa.selenium.support.ui.FluentWait.until(FluentWait.java:229)
	at utilsBestBuy.UtilsBB.waitExplicit(UtilsBB.java:86)
	at utilsBestBuy.UtilsBB.jsScrollUntillElement(UtilsBB.java:176)
	at pagesBestBuy.HomePageBB.validateTermsAndCondtionLink(HomePageBB.java:222)
	at testCaseBestBuy.TC_05_ValidateLinkInBottomOfHomePage.tc_05_validateLinkInBottomOfHomePage(TC_05_ValidateLinkInBottomOfHomePage.java:25)
	at java.base/java.util.ArrayList.forEach(ArrayList.java:1596)
Caused by: org.openqa.selenium.NoSuchElementException: no such element: Unable to locate element: {&quot;method&quot;:&quot;xpath&quot;,&quot;selector&quot;:&quot;//a[text()=&apos;Terms &amp; Conditions&apos;]&quot;}
  (Session info: chrome=139.0.7258.139)
For documentation on this error, please visit: https://www.selenium.dev/documentation/webdriver/troubleshooting/errors#no-such-element-exception
Build info: version: &apos;4.15.0&apos;, revision: &apos;1d14b5521b&apos;
System info: os.name: &apos;Windows 10&apos;, os.arch: &apos;amd64&apos;, os.version: &apos;10.0&apos;, java.version: &apos;21.0.7&apos;
Driver info: org.openqa.selenium.chrome.ChromeDriver
Command: [d7627ae7e012ceeeb07cdb23cbb10a16, findElement {using=xpath, value=//a[text()=&apos;Terms &amp; Conditions&apos;]}]
Capabilities {acceptInsecureCerts: false, browserName: chrome, browserVersion: 139.0.7258.139, chrome: {chromedriverVersion: 139.0.7258.154 (9e0d6b2b47f..., userDataDir: C:\Users\RAKESH~1\AppData\L...}, fedcm:accounts: true, goog:chromeOptions: {debuggerAddress: localhost:54504}, networkConnectionEnabled: false, pageLoadStrategy: normal, platformName: windows, proxy: Proxy(), se:cdp: ws://localhost:54504/devtoo..., se:cdpVersion: 139.0.7258.139, setWindowRect: true, strictFileInteractability: false, timeouts: {implicit: 0, pageLoad: 300000, script: 30000}, unhandledPromptBehavior: dismiss and notify, webauthn:extension:credBlob: true, webauthn:extension:largeBlob: true, webauthn:extension:minPinLength: true, webauthn:extension:prf: true, webauthn:virtualAuthenticators: true}
Session ID: d7627ae7e012ceeeb07cdb23cbb10a16
	at org.openqa.selenium.remote.codec.w3c.W3CHttpResponseCodec.createException(W3CHttpResponseCodec.java:200)
	at org.openqa.selenium.remote.codec.w3c.W3CHttpResponseCodec.decode(W3CHttpResponseCodec.java:133)
	at org.openqa.selenium.remote.codec.w3c.W3CHttpResponseCodec.decode(W3CHttpResponseCodec.java:52)
	at org.openqa.selenium.remote.HttpCommandExecutor.execute(HttpCommandExecutor.java:191)
	at org.openqa.selenium.remote.service.DriverCommandExecutor.invokeExecute(DriverCommandExecutor.java:200)
	at org.openqa.selenium.remote.service.DriverCommandExecutor.execute(DriverCommandExecutor.java:175)
	at org.openqa.selenium.remote.RemoteWebDriver.execute(RemoteWebDriver.java:607)
	at org.openqa.selenium.remote.ElementLocation$ElementFinder$2.findElement(ElementLocation.java:165)
	at org.openqa.selenium.remote.ElementLocation.findElement(ElementLocation.java:59)
	at org.openqa.selenium.remote.RemoteWebDriver.findElement(RemoteWebDriver.java:364)
	at org.openqa.selenium.remote.RemoteWebDriver.findElement(RemoteWebDriver.java:358)
	at org.openqa.selenium.support.pagefactory.DefaultElementLocator.findElement(DefaultElementLocator.java:68)
	at org.openqa.selenium.support.pagefactory.internal.LocatingElementHandler.invoke(LocatingElementHandler.java:38)
	at jdk.proxy2/jdk.proxy2.$Proxy20.isDisplayed(Unknown Source)
	at org.openqa.selenium.support.ui.ExpectedConditions.elementIfVisible(ExpectedConditions.java:304)
	at org.openqa.selenium.support.ui.ExpectedConditions$10.apply(ExpectedConditions.java:290)
	at org.openqa.selenium.support.ui.ExpectedConditions$10.apply(ExpectedConditions.java:287)
	at org.openqa.selenium.support.ui.FluentWait.until(FluentWait.java:204)
	... 30 more
... Removed 28 stack frames
</div> <!-- stack-trace -->
                </div> <!-- method-content -->
              </div> <!-- method -->
            </div> <!-- main-panel-content rounded-window-bottom -->
          </div> <!-- suite-Automation_Suite-class-failed -->
          <div class="suite-Automation_Suite-class-failed">
            <div class="main-panel-header rounded-window-top">
              <img src="failed.png"/>
              <span class="class-name">testCaseBestBuy.TC_04_CheckTitleOfAllMenu</span>
            </div> <!-- main-panel-header rounded-window-top -->
            <div class="main-panel-content rounded-window-bottom">
              <div class="method">
                <div class="method-content">
                  <a name="tc_04_CheckTitleOfAllMenu(Totaltech Membership, Best Buy Totaltech™ – Best Buy)">
                  </a> <!-- tc_04_CheckTitleOfAllMenu(Totaltech Membership, Best Buy Totaltech™ – Best Buy) -->
                  <span class="method-name">tc_04_CheckTitleOfAllMenu</span>
                  <span class="parameters">(Totaltech Membership,Best Buy Totaltech™ – Best Buy)</span>
                  <div class="stack-trace">org.openqa.selenium.TimeoutException: Expected condition failed: waiting for element to be clickable: Proxy element for: DefaultElementLocator &apos;By.className: us-link&apos; (tried for 10 second(s) with 500 milliseconds interval)
	at org.openqa.selenium.support.ui.WebDriverWait.timeoutException(WebDriverWait.java:84)
	at org.openqa.selenium.support.ui.FluentWait.until(FluentWait.java:229)
	at pagesBestBuy.LocationPageBB.deliveryAtUSA(LocationPageBB.java:43)
	at testCaseBestBuy.TC_04_CheckTitleOfAllMenu.tc_04_CheckTitleOfAllMenu(TC_04_CheckTitleOfAllMenu.java:31)
	at java.base/java.util.ArrayList.forEach(ArrayList.java:1596)
Caused by: org.openqa.selenium.NoSuchElementException: no such element: Unable to locate element: {&quot;method&quot;:&quot;css selector&quot;,&quot;selector&quot;:&quot;.us\-link&quot;}
  (Session info: chrome=139.0.7258.139)
For documentation on this error, please visit: https://www.selenium.dev/documentation/webdriver/troubleshooting/errors#no-such-element-exception
Build info: version: &apos;4.15.0&apos;, revision: &apos;1d14b5521b&apos;
System info: os.name: &apos;Windows 10&apos;, os.arch: &apos;amd64&apos;, os.version: &apos;10.0&apos;, java.version: &apos;21.0.7&apos;
Driver info: org.openqa.selenium.chrome.ChromeDriver
Command: [1cb9dded3f2b85c63c5e7ea979fa6935, findElement {using=class name, value=us-link}]
Capabilities {acceptInsecureCerts: false, browserName: chrome, browserVersion: 139.0.7258.139, chrome: {chromedriverVersion: 139.0.7258.154 (9e0d6b2b47f..., userDataDir: C:\Users\RAKESH~1\AppData\L...}, fedcm:accounts: true, goog:chromeOptions: {debuggerAddress: localhost:54456}, networkConnectionEnabled: false, pageLoadStrategy: normal, platformName: windows, proxy: Proxy(), se:cdp: ws://localhost:54456/devtoo..., se:cdpVersion: 139.0.7258.139, setWindowRect: true, strictFileInteractability: false, timeouts: {implicit: 0, pageLoad: 300000, script: 30000}, unhandledPromptBehavior: dismiss and notify, webauthn:extension:credBlob: true, webauthn:extension:largeBlob: true, webauthn:extension:minPinLength: true, webauthn:extension:prf: true, webauthn:virtualAuthenticators: true}
Session ID: 1cb9dded3f2b85c63c5e7ea979fa6935
	at org.openqa.selenium.remote.codec.w3c.W3CHttpResponseCodec.createException(W3CHttpResponseCodec.java:200)
	at org.openqa.selenium.remote.codec.w3c.W3CHttpResponseCodec.decode(W3CHttpResponseCodec.java:133)
	at org.openqa.selenium.remote.codec.w3c.W3CHttpResponseCodec.decode(W3CHttpResponseCodec.java:52)
	at org.openqa.selenium.remote.HttpCommandExecutor.execute(HttpCommandExecutor.java:191)
	at org.openqa.selenium.remote.service.DriverCommandExecutor.invokeExecute(DriverCommandExecutor.java:200)
	at org.openqa.selenium.remote.service.DriverCommandExecutor.execute(DriverCommandExecutor.java:175)
	at org.openqa.selenium.remote.RemoteWebDriver.execute(RemoteWebDriver.java:607)
	at org.openqa.selenium.remote.ElementLocation$ElementFinder$2.findElement(ElementLocation.java:165)
	at org.openqa.selenium.remote.ElementLocation.findElement(ElementLocation.java:66)
	at org.openqa.selenium.remote.RemoteWebDriver.findElement(RemoteWebDriver.java:364)
	at org.openqa.selenium.remote.RemoteWebDriver.findElement(RemoteWebDriver.java:358)
	at org.openqa.selenium.support.pagefactory.DefaultElementLocator.findElement(DefaultElementLocator.java:68)
	at org.openqa.selenium.support.pagefactory.internal.LocatingElementHandler.invoke(LocatingElementHandler.java:38)
	at jdk.proxy2/jdk.proxy2.$Proxy20.isDisplayed(Unknown Source)
	at org.openqa.selenium.support.ui.ExpectedConditions.elementIfVisible(ExpectedConditions.java:304)
	at org.openqa.selenium.support.ui.ExpectedConditions$10.apply(ExpectedConditions.java:290)
	at org.openqa.selenium.support.ui.ExpectedConditions$10.apply(ExpectedConditions.java:287)
	at org.openqa.selenium.support.ui.ExpectedConditions$23.apply(ExpectedConditions.java:656)
	at org.openqa.selenium.support.ui.ExpectedConditions$23.apply(ExpectedConditions.java:652)
	at org.openqa.selenium.support.ui.FluentWait.until(FluentWait.java:204)
	... 28 more
... Removed 28 stack frames
</div> <!-- stack-trace -->
                </div> <!-- method-content -->
              </div> <!-- method -->
              <div class="method">
                <div class="method-content">
                  <a name="tc_04_CheckTitleOfAllMenu(Top Deals, Top Deals and Featured Offers on Electronics - Best Buy)">
                  </a> <!-- tc_04_CheckTitleOfAllMenu(Top Deals, Top Deals and Featured Offers on Electronics - Best Buy) -->
                  <span class="method-name">tc_04_CheckTitleOfAllMenu</span>
                  <span class="parameters">(Top Deals,Top Deals and Featured Offers on Electronics - Best Buy)</span>
                  <div class="stack-trace">org.openqa.selenium.TimeoutException: Expected condition failed: waiting for element to be clickable: Proxy element for: DefaultElementLocator &apos;By.className: us-link&apos; (tried for 10 second(s) with 500 milliseconds interval)
	at org.openqa.selenium.support.ui.WebDriverWait.timeoutException(WebDriverWait.java:84)
	at org.openqa.selenium.support.ui.FluentWait.until(FluentWait.java:229)
	at pagesBestBuy.LocationPageBB.deliveryAtUSA(LocationPageBB.java:43)
	at testCaseBestBuy.TC_04_CheckTitleOfAllMenu.tc_04_CheckTitleOfAllMenu(TC_04_CheckTitleOfAllMenu.java:31)
	at java.base/java.util.ArrayList.forEach(ArrayList.java:1596)
Caused by: org.openqa.selenium.NoSuchElementException: no such element: Unable to locate element: {&quot;method&quot;:&quot;css selector&quot;,&quot;selector&quot;:&quot;.us\-link&quot;}
  (Session info: chrome=139.0.7258.139)
For documentation on this error, please visit: https://www.selenium.dev/documentation/webdriver/troubleshooting/errors#no-such-element-exception
Build info: version: &apos;4.15.0&apos;, revision: &apos;1d14b5521b&apos;
System info: os.name: &apos;Windows 10&apos;, os.arch: &apos;amd64&apos;, os.version: &apos;10.0&apos;, java.version: &apos;21.0.7&apos;
Driver info: org.openqa.selenium.chrome.ChromeDriver
Command: [9adc895c41d04f88ab678015d113da14, findElement {using=class name, value=us-link}]
Capabilities {acceptInsecureCerts: false, browserName: chrome, browserVersion: 139.0.7258.139, chrome: {chromedriverVersion: 139.0.7258.154 (9e0d6b2b47f..., userDataDir: C:\Users\RAKESH~1\AppData\L...}, fedcm:accounts: true, goog:chromeOptions: {debuggerAddress: localhost:54246}, networkConnectionEnabled: false, pageLoadStrategy: normal, platformName: windows, proxy: Proxy(), se:cdp: ws://localhost:54246/devtoo..., se:cdpVersion: 139.0.7258.139, setWindowRect: true, strictFileInteractability: false, timeouts: {implicit: 0, pageLoad: 300000, script: 30000}, unhandledPromptBehavior: dismiss and notify, webauthn:extension:credBlob: true, webauthn:extension:largeBlob: true, webauthn:extension:minPinLength: true, webauthn:extension:prf: true, webauthn:virtualAuthenticators: true}
Session ID: 9adc895c41d04f88ab678015d113da14
	at org.openqa.selenium.remote.codec.w3c.W3CHttpResponseCodec.createException(W3CHttpResponseCodec.java:200)
	at org.openqa.selenium.remote.codec.w3c.W3CHttpResponseCodec.decode(W3CHttpResponseCodec.java:133)
	at org.openqa.selenium.remote.codec.w3c.W3CHttpResponseCodec.decode(W3CHttpResponseCodec.java:52)
	at org.openqa.selenium.remote.HttpCommandExecutor.execute(HttpCommandExecutor.java:191)
	at org.openqa.selenium.remote.service.DriverCommandExecutor.invokeExecute(DriverCommandExecutor.java:200)
	at org.openqa.selenium.remote.service.DriverCommandExecutor.execute(DriverCommandExecutor.java:175)
	at org.openqa.selenium.remote.RemoteWebDriver.execute(RemoteWebDriver.java:607)
	at org.openqa.selenium.remote.ElementLocation$ElementFinder$2.findElement(ElementLocation.java:165)
	at org.openqa.selenium.remote.ElementLocation.findElement(ElementLocation.java:66)
	at org.openqa.selenium.remote.RemoteWebDriver.findElement(RemoteWebDriver.java:364)
	at org.openqa.selenium.remote.RemoteWebDriver.findElement(RemoteWebDriver.java:358)
	at org.openqa.selenium.support.pagefactory.DefaultElementLocator.findElement(DefaultElementLocator.java:68)
	at org.openqa.selenium.support.pagefactory.internal.LocatingElementHandler.invoke(LocatingElementHandler.java:38)
	at jdk.proxy2/jdk.proxy2.$Proxy20.isDisplayed(Unknown Source)
	at org.openqa.selenium.support.ui.ExpectedConditions.elementIfVisible(ExpectedConditions.java:304)
	at org.openqa.selenium.support.ui.ExpectedConditions$10.apply(ExpectedConditions.java:290)
	at org.openqa.selenium.support.ui.ExpectedConditions$10.apply(ExpectedConditions.java:287)
	at org.openqa.selenium.support.ui.ExpectedConditions$23.apply(ExpectedConditions.java:656)
	at org.openqa.selenium.support.ui.ExpectedConditions$23.apply(ExpectedConditions.java:652)
	at org.openqa.selenium.support.ui.FluentWait.until(FluentWait.java:204)
	... 28 more
... Removed 28 stack frames
</div> <!-- stack-trace -->
                </div> <!-- method-content -->
              </div> <!-- method -->
              <div class="method">
                <div class="method-content">
                  <a name="tc_04_CheckTitleOfAllMenu(Deal of the Day, Deal of the Day: Electronics Deals - Best Buy)">
                  </a> <!-- tc_04_CheckTitleOfAllMenu(Deal of the Day, Deal of the Day: Electronics Deals - Best Buy) -->
                  <span class="method-name">tc_04_CheckTitleOfAllMenu</span>
                  <span class="parameters">(Deal of the Day,Deal of the Day: Electronics Deals - Best Buy)</span>
                  <div class="stack-trace">org.openqa.selenium.TimeoutException: Expected condition failed: waiting for element to be clickable: Proxy element for: DefaultElementLocator &apos;By.className: us-link&apos; (tried for 10 second(s) with 500 milliseconds interval)
	at org.openqa.selenium.support.ui.WebDriverWait.timeoutException(WebDriverWait.java:84)
	at org.openqa.selenium.support.ui.FluentWait.until(FluentWait.java:229)
	at pagesBestBuy.LocationPageBB.deliveryAtUSA(LocationPageBB.java:43)
	at testCaseBestBuy.TC_04_CheckTitleOfAllMenu.tc_04_CheckTitleOfAllMenu(TC_04_CheckTitleOfAllMenu.java:31)
	at java.base/java.util.ArrayList.forEach(ArrayList.java:1596)
Caused by: org.openqa.selenium.NoSuchElementException: no such element: Unable to locate element: {&quot;method&quot;:&quot;css selector&quot;,&quot;selector&quot;:&quot;.us\-link&quot;}
  (Session info: chrome=139.0.7258.139)
For documentation on this error, please visit: https://www.selenium.dev/documentation/webdriver/troubleshooting/errors#no-such-element-exception
Build info: version: &apos;4.15.0&apos;, revision: &apos;1d14b5521b&apos;
System info: os.name: &apos;Windows 10&apos;, os.arch: &apos;amd64&apos;, os.version: &apos;10.0&apos;, java.version: &apos;21.0.7&apos;
Driver info: org.openqa.selenium.chrome.ChromeDriver
Command: [507ccb13f8a9c495eb6c3ff0445502e7, findElement {using=class name, value=us-link}]
Capabilities {acceptInsecureCerts: false, browserName: chrome, browserVersion: 139.0.7258.139, chrome: {chromedriverVersion: 139.0.7258.154 (9e0d6b2b47f..., userDataDir: C:\Users\RAKESH~1\AppData\L...}, fedcm:accounts: true, goog:chromeOptions: {debuggerAddress: localhost:54348}, networkConnectionEnabled: false, pageLoadStrategy: normal, platformName: windows, proxy: Proxy(), se:cdp: ws://localhost:54348/devtoo..., se:cdpVersion: 139.0.7258.139, setWindowRect: true, strictFileInteractability: false, timeouts: {implicit: 0, pageLoad: 300000, script: 30000}, unhandledPromptBehavior: dismiss and notify, webauthn:extension:credBlob: true, webauthn:extension:largeBlob: true, webauthn:extension:minPinLength: true, webauthn:extension:prf: true, webauthn:virtualAuthenticators: true}
Session ID: 507ccb13f8a9c495eb6c3ff0445502e7
	at org.openqa.selenium.remote.codec.w3c.W3CHttpResponseCodec.createException(W3CHttpResponseCodec.java:200)
	at org.openqa.selenium.remote.codec.w3c.W3CHttpResponseCodec.decode(W3CHttpResponseCodec.java:133)
	at org.openqa.selenium.remote.codec.w3c.W3CHttpResponseCodec.decode(W3CHttpResponseCodec.java:52)
	at org.openqa.selenium.remote.HttpCommandExecutor.execute(HttpCommandExecutor.java:191)
	at org.openqa.selenium.remote.service.DriverCommandExecutor.invokeExecute(DriverCommandExecutor.java:200)
	at org.openqa.selenium.remote.service.DriverCommandExecutor.execute(DriverCommandExecutor.java:175)
	at org.openqa.selenium.remote.RemoteWebDriver.execute(RemoteWebDriver.java:607)
	at org.openqa.selenium.remote.ElementLocation$ElementFinder$2.findElement(ElementLocation.java:165)
	at org.openqa.selenium.remote.ElementLocation.findElement(ElementLocation.java:66)
	at org.openqa.selenium.remote.RemoteWebDriver.findElement(RemoteWebDriver.java:364)
	at org.openqa.selenium.remote.RemoteWebDriver.findElement(RemoteWebDriver.java:358)
	at org.openqa.selenium.support.pagefactory.DefaultElementLocator.findElement(DefaultElementLocator.java:68)
	at org.openqa.selenium.support.pagefactory.internal.LocatingElementHandler.invoke(LocatingElementHandler.java:38)
	at jdk.proxy2/jdk.proxy2.$Proxy20.isDisplayed(Unknown Source)
	at org.openqa.selenium.support.ui.ExpectedConditions.elementIfVisible(ExpectedConditions.java:304)
	at org.openqa.selenium.support.ui.ExpectedConditions$10.apply(ExpectedConditions.java:290)
	at org.openqa.selenium.support.ui.ExpectedConditions$10.apply(ExpectedConditions.java:287)
	at org.openqa.selenium.support.ui.ExpectedConditions$23.apply(ExpectedConditions.java:656)
	at org.openqa.selenium.support.ui.ExpectedConditions$23.apply(ExpectedConditions.java:652)
	at org.openqa.selenium.support.ui.FluentWait.until(FluentWait.java:204)
	... 28 more
... Removed 28 stack frames
</div> <!-- stack-trace -->
                </div> <!-- method-content -->
              </div> <!-- method -->
            </div> <!-- main-panel-content rounded-window-bottom -->
          </div> <!-- suite-Automation_Suite-class-failed -->
          <div class="suite-Automation_Suite-class-failed">
            <div class="main-panel-header rounded-window-top">
              <img src="failed.png"/>
              <span class="class-name">testCaseBestBuy.TC_03_CreatAccountFunctionality</span>
            </div> <!-- main-panel-header rounded-window-top -->
            <div class="main-panel-content rounded-window-bottom">
              <div class="method">
                <div class="method-content">
                  <a name="tc_03_validateCreatAccountFunctionality(test, t, vino18493@gmail.com, testingtesting, testingtesting, 9876543210, //strong[text()=&#039;Sorry, th...)">
                  </a> <!-- tc_03_validateCreatAccountFunctionality(test, t, vino18493@gmail.com, testingtesting, testingtesting, 9876543210, //strong[text()='Sorry, th...) -->
                  <span class="method-name">tc_03_validateCreatAccountFunctionality</span>
                  <span class="parameters">(test,t,vino18493@gmail.com,testingtesting,testingtesting,9876543210,//strong[text()='Sorry, there was a problem creating your account.'],Sorry, there was a problem creating your account.)</span>
                  <div class="stack-trace">java.lang.RuntimeException: See extent report for more details
	at baseBestBuy.BaseClassBB.reportStep(BaseClassBB.java:311)
	at testCaseBestBuy.TC_03_CreatAccountFunctionality.tc_03_validateCreatAccountFunctionality(TC_03_CreatAccountFunctionality.java:40)
	at java.base/java.util.ArrayList.forEach(ArrayList.java:1596)
... Removed 25 stack frames
</div> <!-- stack-trace -->
                </div> <!-- method-content -->
              </div> <!-- method -->
            </div> <!-- main-panel-content rounded-window-bottom -->
          </div> <!-- suite-Automation_Suite-class-failed -->
          <div class="suite-Automation_Suite-class-failed">
            <div class="main-panel-header rounded-window-top">
              <img src="failed.png"/>
              <span class="class-name">testCaseBestBuy.TC_08_SelAddItemShopByBrandMenu</span>
            </div> <!-- main-panel-header rounded-window-top -->
            <div class="main-panel-content rounded-window-bottom">
              <div class="method">
                <div class="method-content">
                  <a name="tc_08_selAddItemShopByBrandMenu">
                  </a> <!-- tc_08_selAddItemShopByBrandMenu -->
                  <span class="method-name">tc_08_selAddItemShopByBrandMenu</span>
                  <div class="stack-trace">org.openqa.selenium.TimeoutException: Expected condition failed: waiting for element to be clickable: Proxy element for: DefaultElementLocator &apos;By.className: us-link&apos; (tried for 10 second(s) with 500 milliseconds interval)
	at org.openqa.selenium.support.ui.WebDriverWait.timeoutException(WebDriverWait.java:84)
	at org.openqa.selenium.support.ui.FluentWait.until(FluentWait.java:229)
	at pagesBestBuy.LocationPageBB.deliveryAtUSA(LocationPageBB.java:43)
	at testCaseBestBuy.TC_08_SelAddItemShopByBrandMenu.tc_08_selAddItemShopByBrandMenu(TC_08_SelAddItemShopByBrandMenu.java:28)
	at java.base/java.util.ArrayList.forEach(ArrayList.java:1596)
Caused by: org.openqa.selenium.NoSuchElementException: no such element: Unable to locate element: {&quot;method&quot;:&quot;css selector&quot;,&quot;selector&quot;:&quot;.us\-link&quot;}
  (Session info: chrome=139.0.7258.139)
For documentation on this error, please visit: https://www.selenium.dev/documentation/webdriver/troubleshooting/errors#no-such-element-exception
Build info: version: &apos;4.15.0&apos;, revision: &apos;1d14b5521b&apos;
System info: os.name: &apos;Windows 10&apos;, os.arch: &apos;amd64&apos;, os.version: &apos;10.0&apos;, java.version: &apos;21.0.7&apos;
Driver info: org.openqa.selenium.chrome.ChromeDriver
Command: [36e4c73385de44b4e8a2dea5330223e1, findElement {using=class name, value=us-link}]
Capabilities {acceptInsecureCerts: false, browserName: chrome, browserVersion: 139.0.7258.139, chrome: {chromedriverVersion: 139.0.7258.154 (9e0d6b2b47f..., userDataDir: C:\Users\RAKESH~1\AppData\L...}, fedcm:accounts: true, goog:chromeOptions: {debuggerAddress: localhost:54537}, networkConnectionEnabled: false, pageLoadStrategy: normal, platformName: windows, proxy: Proxy(), se:cdp: ws://localhost:54537/devtoo..., se:cdpVersion: 139.0.7258.139, setWindowRect: true, strictFileInteractability: false, timeouts: {implicit: 0, pageLoad: 300000, script: 30000}, unhandledPromptBehavior: dismiss and notify, webauthn:extension:credBlob: true, webauthn:extension:largeBlob: true, webauthn:extension:minPinLength: true, webauthn:extension:prf: true, webauthn:virtualAuthenticators: true}
Session ID: 36e4c73385de44b4e8a2dea5330223e1
	at org.openqa.selenium.remote.codec.w3c.W3CHttpResponseCodec.createException(W3CHttpResponseCodec.java:200)
	at org.openqa.selenium.remote.codec.w3c.W3CHttpResponseCodec.decode(W3CHttpResponseCodec.java:133)
	at org.openqa.selenium.remote.codec.w3c.W3CHttpResponseCodec.decode(W3CHttpResponseCodec.java:52)
	at org.openqa.selenium.remote.HttpCommandExecutor.execute(HttpCommandExecutor.java:191)
	at org.openqa.selenium.remote.service.DriverCommandExecutor.invokeExecute(DriverCommandExecutor.java:200)
	at org.openqa.selenium.remote.service.DriverCommandExecutor.execute(DriverCommandExecutor.java:175)
	at org.openqa.selenium.remote.RemoteWebDriver.execute(RemoteWebDriver.java:607)
	at org.openqa.selenium.remote.ElementLocation$ElementFinder$2.findElement(ElementLocation.java:165)
	at org.openqa.selenium.remote.ElementLocation.findElement(ElementLocation.java:66)
	at org.openqa.selenium.remote.RemoteWebDriver.findElement(RemoteWebDriver.java:364)
	at org.openqa.selenium.remote.RemoteWebDriver.findElement(RemoteWebDriver.java:358)
	at org.openqa.selenium.support.pagefactory.DefaultElementLocator.findElement(DefaultElementLocator.java:68)
	at org.openqa.selenium.support.pagefactory.internal.LocatingElementHandler.invoke(LocatingElementHandler.java:38)
	at jdk.proxy2/jdk.proxy2.$Proxy20.isDisplayed(Unknown Source)
	at org.openqa.selenium.support.ui.ExpectedConditions.elementIfVisible(ExpectedConditions.java:304)
	at org.openqa.selenium.support.ui.ExpectedConditions$10.apply(ExpectedConditions.java:290)
	at org.openqa.selenium.support.ui.ExpectedConditions$10.apply(ExpectedConditions.java:287)
	at org.openqa.selenium.support.ui.ExpectedConditions$23.apply(ExpectedConditions.java:656)
	at org.openqa.selenium.support.ui.ExpectedConditions$23.apply(ExpectedConditions.java:652)
	at org.openqa.selenium.support.ui.FluentWait.until(FluentWait.java:204)
	... 28 more
... Removed 28 stack frames
</div> <!-- stack-trace -->
                </div> <!-- method-content -->
              </div> <!-- method -->
            </div> <!-- main-panel-content rounded-window-bottom -->
          </div> <!-- suite-Automation_Suite-class-failed -->
          <div class="suite-Automation_Suite-class-failed">
            <div class="main-panel-header rounded-window-top">
              <img src="failed.png"/>
              <span class="class-name">testCaseBestBuy.TC_09_CheckOutPageFilling</span>
            </div> <!-- main-panel-header rounded-window-top -->
            <div class="main-panel-content rounded-window-bottom">
              <div class="method">
                <div class="method-content">
                  <a name="tc_09_CheckOutPageFilling">
                  </a> <!-- tc_09_CheckOutPageFilling -->
                  <span class="method-name">tc_09_CheckOutPageFilling</span>
                  <div class="stack-trace">org.openqa.selenium.TimeoutException: Expected condition failed: waiting for element to be clickable: Proxy element for: DefaultElementLocator &apos;By.className: us-link&apos; (tried for 10 second(s) with 500 milliseconds interval)
	at org.openqa.selenium.support.ui.WebDriverWait.timeoutException(WebDriverWait.java:84)
	at org.openqa.selenium.support.ui.FluentWait.until(FluentWait.java:229)
	at pagesBestBuy.LocationPageBB.deliveryAtUSA(LocationPageBB.java:43)
	at testCaseBestBuy.TC_09_CheckOutPageFilling.tc_09_CheckOutPageFilling(TC_09_CheckOutPageFilling.java:29)
	at java.base/java.util.ArrayList.forEach(ArrayList.java:1596)
Caused by: org.openqa.selenium.NoSuchElementException: no such element: Unable to locate element: {&quot;method&quot;:&quot;css selector&quot;,&quot;selector&quot;:&quot;.us\-link&quot;}
  (Session info: chrome=139.0.7258.139)
For documentation on this error, please visit: https://www.selenium.dev/documentation/webdriver/troubleshooting/errors#no-such-element-exception
Build info: version: &apos;4.15.0&apos;, revision: &apos;1d14b5521b&apos;
System info: os.name: &apos;Windows 10&apos;, os.arch: &apos;amd64&apos;, os.version: &apos;10.0&apos;, java.version: &apos;21.0.7&apos;
Driver info: org.openqa.selenium.chrome.ChromeDriver
Command: [d6c58fab04ebcfba6077b3a7fe61391b, findElement {using=class name, value=us-link}]
Capabilities {acceptInsecureCerts: false, browserName: chrome, browserVersion: 139.0.7258.139, chrome: {chromedriverVersion: 139.0.7258.154 (9e0d6b2b47f..., userDataDir: C:\Users\RAKESH~1\AppData\L...}, fedcm:accounts: true, goog:chromeOptions: {debuggerAddress: localhost:54481}, networkConnectionEnabled: false, pageLoadStrategy: normal, platformName: windows, proxy: Proxy(), se:cdp: ws://localhost:54481/devtoo..., se:cdpVersion: 139.0.7258.139, setWindowRect: true, strictFileInteractability: false, timeouts: {implicit: 0, pageLoad: 300000, script: 30000}, unhandledPromptBehavior: dismiss and notify, webauthn:extension:credBlob: true, webauthn:extension:largeBlob: true, webauthn:extension:minPinLength: true, webauthn:extension:prf: true, webauthn:virtualAuthenticators: true}
Session ID: d6c58fab04ebcfba6077b3a7fe61391b
	at org.openqa.selenium.remote.codec.w3c.W3CHttpResponseCodec.createException(W3CHttpResponseCodec.java:200)
	at org.openqa.selenium.remote.codec.w3c.W3CHttpResponseCodec.decode(W3CHttpResponseCodec.java:133)
	at org.openqa.selenium.remote.codec.w3c.W3CHttpResponseCodec.decode(W3CHttpResponseCodec.java:52)
	at org.openqa.selenium.remote.HttpCommandExecutor.execute(HttpCommandExecutor.java:191)
	at org.openqa.selenium.remote.service.DriverCommandExecutor.invokeExecute(DriverCommandExecutor.java:200)
	at org.openqa.selenium.remote.service.DriverCommandExecutor.execute(DriverCommandExecutor.java:175)
	at org.openqa.selenium.remote.RemoteWebDriver.execute(RemoteWebDriver.java:607)
	at org.openqa.selenium.remote.ElementLocation$ElementFinder$2.findElement(ElementLocation.java:165)
	at org.openqa.selenium.remote.ElementLocation.findElement(ElementLocation.java:66)
	at org.openqa.selenium.remote.RemoteWebDriver.findElement(RemoteWebDriver.java:364)
	at org.openqa.selenium.remote.RemoteWebDriver.findElement(RemoteWebDriver.java:358)
	at org.openqa.selenium.support.pagefactory.DefaultElementLocator.findElement(DefaultElementLocator.java:68)
	at org.openqa.selenium.support.pagefactory.internal.LocatingElementHandler.invoke(LocatingElementHandler.java:38)
	at jdk.proxy2/jdk.proxy2.$Proxy20.isDisplayed(Unknown Source)
	at org.openqa.selenium.support.ui.ExpectedConditions.elementIfVisible(ExpectedConditions.java:304)
	at org.openqa.selenium.support.ui.ExpectedConditions$10.apply(ExpectedConditions.java:290)
	at org.openqa.selenium.support.ui.ExpectedConditions$10.apply(ExpectedConditions.java:287)
	at org.openqa.selenium.support.ui.ExpectedConditions$23.apply(ExpectedConditions.java:656)
	at org.openqa.selenium.support.ui.ExpectedConditions$23.apply(ExpectedConditions.java:652)
	at org.openqa.selenium.support.ui.FluentWait.until(FluentWait.java:204)
	... 28 more
... Removed 28 stack frames
</div> <!-- stack-trace -->
                </div> <!-- method-content -->
              </div> <!-- method -->
            </div> <!-- main-panel-content rounded-window-bottom -->
          </div> <!-- suite-Automation_Suite-class-failed -->
          <div class="suite-Automation_Suite-class-failed">
            <div class="main-panel-header rounded-window-top">
              <img src="failed.png"/>
              <span class="class-name">testCaseBestBuy.TC_03_SignInFunctionality</span>
            </div> <!-- main-panel-header rounded-window-top -->
            <div class="main-panel-content rounded-window-bottom">
              <div class="method">
                <div class="method-content">
                  <a name="tc_03_SignInFunctionality(vino18493@gmail.com, teting, //div[text()=&#039;The password was incorrect. Please try again.&#039;], The pass...)">
                  </a> <!-- tc_03_SignInFunctionality(vino18493@gmail.com, teting, //div[text()='The password was incorrect. Please try again.'], The pass...) -->
                  <span class="method-name">tc_03_SignInFunctionality</span>
                  <span class="parameters">(vino18493@gmail.com,teting,//div[text()='The password was incorrect. Please try again.'],The password was incorrect. Please try again.)</span>
                  <div class="stack-trace">org.openqa.selenium.TimeoutException: Expected condition failed: waiting for element to be clickable: Proxy element for: DefaultElementLocator &apos;By.className: us-link&apos; (tried for 10 second(s) with 500 milliseconds interval)
	at org.openqa.selenium.support.ui.WebDriverWait.timeoutException(WebDriverWait.java:84)
	at org.openqa.selenium.support.ui.FluentWait.until(FluentWait.java:229)
	at pagesBestBuy.LocationPageBB.deliveryAtUSA(LocationPageBB.java:43)
	at testCaseBestBuy.TC_03_SignInFunctionality.tc_03_SignInFunctionality(TC_03_SignInFunctionality.java:32)
	at java.base/java.util.ArrayList.forEach(ArrayList.java:1596)
Caused by: org.openqa.selenium.NoSuchElementException: no such element: Unable to locate element: {&quot;method&quot;:&quot;css selector&quot;,&quot;selector&quot;:&quot;.us\-link&quot;}
  (Session info: chrome=139.0.7258.139)
For documentation on this error, please visit: https://www.selenium.dev/documentation/webdriver/troubleshooting/errors#no-such-element-exception
Build info: version: &apos;4.15.0&apos;, revision: &apos;1d14b5521b&apos;
System info: os.name: &apos;Windows 10&apos;, os.arch: &apos;amd64&apos;, os.version: &apos;10.0&apos;, java.version: &apos;21.0.7&apos;
Driver info: org.openqa.selenium.chrome.ChromeDriver
Command: [7de806c00eca20ddf887a9e11aa91d84, findElement {using=class name, value=us-link}]
Capabilities {acceptInsecureCerts: false, browserName: chrome, browserVersion: 139.0.7258.139, chrome: {chromedriverVersion: 139.0.7258.154 (9e0d6b2b47f..., userDataDir: C:\Users\RAKESH~1\AppData\L...}, fedcm:accounts: true, goog:chromeOptions: {debuggerAddress: localhost:53918}, networkConnectionEnabled: false, pageLoadStrategy: normal, platformName: windows, proxy: Proxy(), se:cdp: ws://localhost:53918/devtoo..., se:cdpVersion: 139.0.7258.139, setWindowRect: true, strictFileInteractability: false, timeouts: {implicit: 0, pageLoad: 300000, script: 30000}, unhandledPromptBehavior: dismiss and notify, webauthn:extension:credBlob: true, webauthn:extension:largeBlob: true, webauthn:extension:minPinLength: true, webauthn:extension:prf: true, webauthn:virtualAuthenticators: true}
Session ID: 7de806c00eca20ddf887a9e11aa91d84
	at org.openqa.selenium.remote.codec.w3c.W3CHttpResponseCodec.createException(W3CHttpResponseCodec.java:200)
	at org.openqa.selenium.remote.codec.w3c.W3CHttpResponseCodec.decode(W3CHttpResponseCodec.java:133)
	at org.openqa.selenium.remote.codec.w3c.W3CHttpResponseCodec.decode(W3CHttpResponseCodec.java:52)
	at org.openqa.selenium.remote.HttpCommandExecutor.execute(HttpCommandExecutor.java:191)
	at org.openqa.selenium.remote.service.DriverCommandExecutor.invokeExecute(DriverCommandExecutor.java:200)
	at org.openqa.selenium.remote.service.DriverCommandExecutor.execute(DriverCommandExecutor.java:175)
	at org.openqa.selenium.remote.RemoteWebDriver.execute(RemoteWebDriver.java:607)
	at org.openqa.selenium.remote.ElementLocation$ElementFinder$2.findElement(ElementLocation.java:165)
	at org.openqa.selenium.remote.ElementLocation.findElement(ElementLocation.java:66)
	at org.openqa.selenium.remote.RemoteWebDriver.findElement(RemoteWebDriver.java:364)
	at org.openqa.selenium.remote.RemoteWebDriver.findElement(RemoteWebDriver.java:358)
	at org.openqa.selenium.support.pagefactory.DefaultElementLocator.findElement(DefaultElementLocator.java:68)
	at org.openqa.selenium.support.pagefactory.internal.LocatingElementHandler.invoke(LocatingElementHandler.java:38)
	at jdk.proxy2/jdk.proxy2.$Proxy20.isDisplayed(Unknown Source)
	at org.openqa.selenium.support.ui.ExpectedConditions.elementIfVisible(ExpectedConditions.java:304)
	at org.openqa.selenium.support.ui.ExpectedConditions$10.apply(ExpectedConditions.java:290)
	at org.openqa.selenium.support.ui.ExpectedConditions$10.apply(ExpectedConditions.java:287)
	at org.openqa.selenium.support.ui.ExpectedConditions$23.apply(ExpectedConditions.java:656)
	at org.openqa.selenium.support.ui.ExpectedConditions$23.apply(ExpectedConditions.java:652)
	at org.openqa.selenium.support.ui.FluentWait.until(FluentWait.java:204)
	... 28 more
... Removed 28 stack frames
</div> <!-- stack-trace -->
                </div> <!-- method-content -->
              </div> <!-- method -->
              <div class="method">
                <div class="method-content">
                  <a name="tc_03_SignInFunctionality(vino18493@gmail.com, testingtesting, //span[text()=&#039;Hi, Test&#039;], Hi, Test)">
                  </a> <!-- tc_03_SignInFunctionality(vino18493@gmail.com, testingtesting, //span[text()='Hi, Test'], Hi, Test) -->
                  <span class="method-name">tc_03_SignInFunctionality</span>
                  <span class="parameters">(vino18493@gmail.com,testingtesting,//span[text()='Hi, Test'],Hi, Test)</span>
                  <div class="stack-trace">org.openqa.selenium.TimeoutException: Expected condition failed: waiting for element to be clickable: Proxy element for: DefaultElementLocator &apos;By.className: us-link&apos; (tried for 10 second(s) with 500 milliseconds interval)
	at org.openqa.selenium.support.ui.WebDriverWait.timeoutException(WebDriverWait.java:84)
	at org.openqa.selenium.support.ui.FluentWait.until(FluentWait.java:229)
	at pagesBestBuy.LocationPageBB.deliveryAtUSA(LocationPageBB.java:43)
	at testCaseBestBuy.TC_03_SignInFunctionality.tc_03_SignInFunctionality(TC_03_SignInFunctionality.java:32)
	at java.base/java.util.ArrayList.forEach(ArrayList.java:1596)
Caused by: org.openqa.selenium.NoSuchElementException: no such element: Unable to locate element: {&quot;method&quot;:&quot;css selector&quot;,&quot;selector&quot;:&quot;.us\-link&quot;}
  (Session info: chrome=139.0.7258.139)
For documentation on this error, please visit: https://www.selenium.dev/documentation/webdriver/troubleshooting/errors#no-such-element-exception
Build info: version: &apos;4.15.0&apos;, revision: &apos;1d14b5521b&apos;
System info: os.name: &apos;Windows 10&apos;, os.arch: &apos;amd64&apos;, os.version: &apos;10.0&apos;, java.version: &apos;21.0.7&apos;
Driver info: org.openqa.selenium.chrome.ChromeDriver
Command: [c75e0491e87dff16f84c6528e882cb09, findElement {using=class name, value=us-link}]
Capabilities {acceptInsecureCerts: false, browserName: chrome, browserVersion: 139.0.7258.139, chrome: {chromedriverVersion: 139.0.7258.154 (9e0d6b2b47f..., userDataDir: C:\Users\RAKESH~1\AppData\L...}, fedcm:accounts: true, goog:chromeOptions: {debuggerAddress: localhost:54136}, networkConnectionEnabled: false, pageLoadStrategy: normal, platformName: windows, proxy: Proxy(), se:cdp: ws://localhost:54136/devtoo..., se:cdpVersion: 139.0.7258.139, setWindowRect: true, strictFileInteractability: false, timeouts: {implicit: 0, pageLoad: 300000, script: 30000}, unhandledPromptBehavior: dismiss and notify, webauthn:extension:credBlob: true, webauthn:extension:largeBlob: true, webauthn:extension:minPinLength: true, webauthn:extension:prf: true, webauthn:virtualAuthenticators: true}
Session ID: c75e0491e87dff16f84c6528e882cb09
	at org.openqa.selenium.remote.codec.w3c.W3CHttpResponseCodec.createException(W3CHttpResponseCodec.java:200)
	at org.openqa.selenium.remote.codec.w3c.W3CHttpResponseCodec.decode(W3CHttpResponseCodec.java:133)
	at org.openqa.selenium.remote.codec.w3c.W3CHttpResponseCodec.decode(W3CHttpResponseCodec.java:52)
	at org.openqa.selenium.remote.HttpCommandExecutor.execute(HttpCommandExecutor.java:191)
	at org.openqa.selenium.remote.service.DriverCommandExecutor.invokeExecute(DriverCommandExecutor.java:200)
	at org.openqa.selenium.remote.service.DriverCommandExecutor.execute(DriverCommandExecutor.java:175)
	at org.openqa.selenium.remote.RemoteWebDriver.execute(RemoteWebDriver.java:607)
	at org.openqa.selenium.remote.ElementLocation$ElementFinder$2.findElement(ElementLocation.java:165)
	at org.openqa.selenium.remote.ElementLocation.findElement(ElementLocation.java:66)
	at org.openqa.selenium.remote.RemoteWebDriver.findElement(RemoteWebDriver.java:364)
	at org.openqa.selenium.remote.RemoteWebDriver.findElement(RemoteWebDriver.java:358)
	at org.openqa.selenium.support.pagefactory.DefaultElementLocator.findElement(DefaultElementLocator.java:68)
	at org.openqa.selenium.support.pagefactory.internal.LocatingElementHandler.invoke(LocatingElementHandler.java:38)
	at jdk.proxy2/jdk.proxy2.$Proxy20.isDisplayed(Unknown Source)
	at org.openqa.selenium.support.ui.ExpectedConditions.elementIfVisible(ExpectedConditions.java:304)
	at org.openqa.selenium.support.ui.ExpectedConditions$10.apply(ExpectedConditions.java:290)
	at org.openqa.selenium.support.ui.ExpectedConditions$10.apply(ExpectedConditions.java:287)
	at org.openqa.selenium.support.ui.ExpectedConditions$23.apply(ExpectedConditions.java:656)
	at org.openqa.selenium.support.ui.ExpectedConditions$23.apply(ExpectedConditions.java:652)
	at org.openqa.selenium.support.ui.FluentWait.until(FluentWait.java:204)
	... 28 more
... Removed 28 stack frames
</div> <!-- stack-trace -->
                </div> <!-- method-content -->
              </div> <!-- method -->
              <div class="method">
                <div class="method-content">
                  <a name="tc_03_SignInFunctionality(vino184@gmail.com, testingtesting, //div[text()=&#039;Sorry, something went wrong. Please try again.&#039;], S...)">
                  </a> <!-- tc_03_SignInFunctionality(vino184@gmail.com, testingtesting, //div[text()='Sorry, something went wrong. Please try again.'], S...) -->
                  <span class="method-name">tc_03_SignInFunctionality</span>
                  <span class="parameters">(vino184@gmail.com,testingtesting,//div[text()='Sorry, something went wrong. Please try again.'],Sorry, something went wrong. Please try again.)</span>
                  <div class="stack-trace">org.openqa.selenium.TimeoutException: Expected condition failed: waiting for element to be clickable: Proxy element for: DefaultElementLocator &apos;By.className: us-link&apos; (tried for 10 second(s) with 500 milliseconds interval)
	at org.openqa.selenium.support.ui.WebDriverWait.timeoutException(WebDriverWait.java:84)
	at org.openqa.selenium.support.ui.FluentWait.until(FluentWait.java:229)
	at pagesBestBuy.LocationPageBB.deliveryAtUSA(LocationPageBB.java:43)
	at testCaseBestBuy.TC_03_SignInFunctionality.tc_03_SignInFunctionality(TC_03_SignInFunctionality.java:32)
	at java.base/java.util.ArrayList.forEach(ArrayList.java:1596)
Caused by: org.openqa.selenium.NoSuchElementException: no such element: Unable to locate element: {&quot;method&quot;:&quot;css selector&quot;,&quot;selector&quot;:&quot;.us\-link&quot;}
  (Session info: chrome=139.0.7258.139)
For documentation on this error, please visit: https://www.selenium.dev/documentation/webdriver/troubleshooting/errors#no-such-element-exception
Build info: version: &apos;4.15.0&apos;, revision: &apos;1d14b5521b&apos;
System info: os.name: &apos;Windows 10&apos;, os.arch: &apos;amd64&apos;, os.version: &apos;10.0&apos;, java.version: &apos;21.0.7&apos;
Driver info: org.openqa.selenium.chrome.ChromeDriver
Command: [697af1f63b441b794581f99780ade9c9, findElement {using=class name, value=us-link}]
Capabilities {acceptInsecureCerts: false, browserName: chrome, browserVersion: 139.0.7258.139, chrome: {chromedriverVersion: 139.0.7258.154 (9e0d6b2b47f..., userDataDir: C:\Users\RAKESH~1\AppData\L...}, fedcm:accounts: true, goog:chromeOptions: {debuggerAddress: localhost:54028}, networkConnectionEnabled: false, pageLoadStrategy: normal, platformName: windows, proxy: Proxy(), se:cdp: ws://localhost:54028/devtoo..., se:cdpVersion: 139.0.7258.139, setWindowRect: true, strictFileInteractability: false, timeouts: {implicit: 0, pageLoad: 300000, script: 30000}, unhandledPromptBehavior: dismiss and notify, webauthn:extension:credBlob: true, webauthn:extension:largeBlob: true, webauthn:extension:minPinLength: true, webauthn:extension:prf: true, webauthn:virtualAuthenticators: true}
Session ID: 697af1f63b441b794581f99780ade9c9
	at org.openqa.selenium.remote.codec.w3c.W3CHttpResponseCodec.createException(W3CHttpResponseCodec.java:200)
	at org.openqa.selenium.remote.codec.w3c.W3CHttpResponseCodec.decode(W3CHttpResponseCodec.java:133)
	at org.openqa.selenium.remote.codec.w3c.W3CHttpResponseCodec.decode(W3CHttpResponseCodec.java:52)
	at org.openqa.selenium.remote.HttpCommandExecutor.execute(HttpCommandExecutor.java:191)
	at org.openqa.selenium.remote.service.DriverCommandExecutor.invokeExecute(DriverCommandExecutor.java:200)
	at org.openqa.selenium.remote.service.DriverCommandExecutor.execute(DriverCommandExecutor.java:175)
	at org.openqa.selenium.remote.RemoteWebDriver.execute(RemoteWebDriver.java:607)
	at org.openqa.selenium.remote.ElementLocation$ElementFinder$2.findElement(ElementLocation.java:165)
	at org.openqa.selenium.remote.ElementLocation.findElement(ElementLocation.java:66)
	at org.openqa.selenium.remote.RemoteWebDriver.findElement(RemoteWebDriver.java:364)
	at org.openqa.selenium.remote.RemoteWebDriver.findElement(RemoteWebDriver.java:358)
	at org.openqa.selenium.support.pagefactory.DefaultElementLocator.findElement(DefaultElementLocator.java:68)
	at org.openqa.selenium.support.pagefactory.internal.LocatingElementHandler.invoke(LocatingElementHandler.java:38)
	at jdk.proxy2/jdk.proxy2.$Proxy20.isDisplayed(Unknown Source)
	at org.openqa.selenium.support.ui.ExpectedConditions.elementIfVisible(ExpectedConditions.java:304)
	at org.openqa.selenium.support.ui.ExpectedConditions$10.apply(ExpectedConditions.java:290)
	at org.openqa.selenium.support.ui.ExpectedConditions$10.apply(ExpectedConditions.java:287)
	at org.openqa.selenium.support.ui.ExpectedConditions$23.apply(ExpectedConditions.java:656)
	at org.openqa.selenium.support.ui.ExpectedConditions$23.apply(ExpectedConditions.java:652)
	at org.openqa.selenium.support.ui.FluentWait.until(FluentWait.java:204)
	... 28 more
... Removed 28 stack frames
</div> <!-- stack-trace -->
                </div> <!-- method-content -->
              </div> <!-- method -->
              <div class="method">
                <div class="method-content">
                  <a name="tc_03_SignInFunctionality(vino184@gmail.com, testing, //strong//div, We didn&#039;t find an account with that email address. Would ...)">
                  </a> <!-- tc_03_SignInFunctionality(vino184@gmail.com, testing, //strong//div, We didn't find an account with that email address. Would ...) -->
                  <span class="method-name">tc_03_SignInFunctionality</span>
                  <span class="parameters">(vino184@gmail.com,testing,//strong//div,We didn't find an account with that email address. Would you like to create an account?)</span>
                  <div class="stack-trace">org.openqa.selenium.TimeoutException: Expected condition failed: waiting for element to be clickable: Proxy element for: DefaultElementLocator &apos;By.className: us-link&apos; (tried for 10 second(s) with 500 milliseconds interval)
	at org.openqa.selenium.support.ui.WebDriverWait.timeoutException(WebDriverWait.java:84)
	at org.openqa.selenium.support.ui.FluentWait.until(FluentWait.java:229)
	at pagesBestBuy.LocationPageBB.deliveryAtUSA(LocationPageBB.java:43)
	at testCaseBestBuy.TC_03_SignInFunctionality.tc_03_SignInFunctionality(TC_03_SignInFunctionality.java:32)
	at java.base/java.util.ArrayList.forEach(ArrayList.java:1596)
Caused by: org.openqa.selenium.NoSuchElementException: no such element: Unable to locate element: {&quot;method&quot;:&quot;css selector&quot;,&quot;selector&quot;:&quot;.us\-link&quot;}
  (Session info: chrome=139.0.7258.139)
For documentation on this error, please visit: https://www.selenium.dev/documentation/webdriver/troubleshooting/errors#no-such-element-exception
Build info: version: &apos;4.15.0&apos;, revision: &apos;1d14b5521b&apos;
System info: os.name: &apos;Windows 10&apos;, os.arch: &apos;amd64&apos;, os.version: &apos;10.0&apos;, java.version: &apos;21.0.7&apos;
Driver info: org.openqa.selenium.chrome.ChromeDriver
Command: [ac9f2c24f312d18549d90513407a0238, findElement {using=class name, value=us-link}]
Capabilities {acceptInsecureCerts: false, browserName: chrome, browserVersion: 139.0.7258.139, chrome: {chromedriverVersion: 139.0.7258.154 (9e0d6b2b47f..., userDataDir: C:\Users\RAKESH~1\AppData\L...}, fedcm:accounts: true, goog:chromeOptions: {debuggerAddress: localhost:53792}, networkConnectionEnabled: false, pageLoadStrategy: normal, platformName: windows, proxy: Proxy(), se:cdp: ws://localhost:53792/devtoo..., se:cdpVersion: 139.0.7258.139, setWindowRect: true, strictFileInteractability: false, timeouts: {implicit: 0, pageLoad: 300000, script: 30000}, unhandledPromptBehavior: dismiss and notify, webauthn:extension:credBlob: true, webauthn:extension:largeBlob: true, webauthn:extension:minPinLength: true, webauthn:extension:prf: true, webauthn:virtualAuthenticators: true}
Session ID: ac9f2c24f312d18549d90513407a0238
	at org.openqa.selenium.remote.codec.w3c.W3CHttpResponseCodec.createException(W3CHttpResponseCodec.java:200)
	at org.openqa.selenium.remote.codec.w3c.W3CHttpResponseCodec.decode(W3CHttpResponseCodec.java:133)
	at org.openqa.selenium.remote.codec.w3c.W3CHttpResponseCodec.decode(W3CHttpResponseCodec.java:52)
	at org.openqa.selenium.remote.HttpCommandExecutor.execute(HttpCommandExecutor.java:191)
	at org.openqa.selenium.remote.service.DriverCommandExecutor.invokeExecute(DriverCommandExecutor.java:200)
	at org.openqa.selenium.remote.service.DriverCommandExecutor.execute(DriverCommandExecutor.java:175)
	at org.openqa.selenium.remote.RemoteWebDriver.execute(RemoteWebDriver.java:607)
	at org.openqa.selenium.remote.ElementLocation$ElementFinder$2.findElement(ElementLocation.java:165)
	at org.openqa.selenium.remote.ElementLocation.findElement(ElementLocation.java:66)
	at org.openqa.selenium.remote.RemoteWebDriver.findElement(RemoteWebDriver.java:364)
	at org.openqa.selenium.remote.RemoteWebDriver.findElement(RemoteWebDriver.java:358)
	at org.openqa.selenium.support.pagefactory.DefaultElementLocator.findElement(DefaultElementLocator.java:68)
	at org.openqa.selenium.support.pagefactory.internal.LocatingElementHandler.invoke(LocatingElementHandler.java:38)
	at jdk.proxy2/jdk.proxy2.$Proxy20.isDisplayed(Unknown Source)
	at org.openqa.selenium.support.ui.ExpectedConditions.elementIfVisible(ExpectedConditions.java:304)
	at org.openqa.selenium.support.ui.ExpectedConditions$10.apply(ExpectedConditions.java:290)
	at org.openqa.selenium.support.ui.ExpectedConditions$10.apply(ExpectedConditions.java:287)
	at org.openqa.selenium.support.ui.ExpectedConditions$23.apply(ExpectedConditions.java:656)
	at org.openqa.selenium.support.ui.ExpectedConditions$23.apply(ExpectedConditions.java:652)
	at org.openqa.selenium.support.ui.FluentWait.until(FluentWait.java:204)
	... 28 more
... Removed 28 stack frames
</div> <!-- stack-trace -->
                </div> <!-- method-content -->
              </div> <!-- method -->
            </div> <!-- main-panel-content rounded-window-bottom -->
          </div> <!-- suite-Automation_Suite-class-failed -->
          <div class="suite-Automation_Suite-class-failed">
            <div class="main-panel-header rounded-window-top">
              <img src="failed.png"/>
              <span class="class-name">testCaseBestBuy.TC_07_SelAddItemShopByDeptMenu</span>
            </div> <!-- main-panel-header rounded-window-top -->
            <div class="main-panel-content rounded-window-bottom">
              <div class="method">
                <div class="method-content">
                  <a name="tc_07_selAddItemShopByDeptMenu">
                  </a> <!-- tc_07_selAddItemShopByDeptMenu -->
                  <span class="method-name">tc_07_selAddItemShopByDeptMenu</span>
                  <div class="stack-trace">org.openqa.selenium.TimeoutException: Expected condition failed: waiting for element to be clickable: Proxy element for: DefaultElementLocator &apos;By.className: us-link&apos; (tried for 10 second(s) with 500 milliseconds interval)
	at org.openqa.selenium.support.ui.WebDriverWait.timeoutException(WebDriverWait.java:84)
	at org.openqa.selenium.support.ui.FluentWait.until(FluentWait.java:229)
	at pagesBestBuy.LocationPageBB.deliveryAtUSA(LocationPageBB.java:43)
	at testCaseBestBuy.TC_07_SelAddItemShopByDeptMenu.tc_07_selAddItemShopByDeptMenu(TC_07_SelAddItemShopByDeptMenu.java:28)
	at java.base/java.util.ArrayList.forEach(ArrayList.java:1596)
Caused by: org.openqa.selenium.NoSuchElementException: no such element: Unable to locate element: {&quot;method&quot;:&quot;css selector&quot;,&quot;selector&quot;:&quot;.us\-link&quot;}
  (Session info: chrome=139.0.7258.139)
For documentation on this error, please visit: https://www.selenium.dev/documentation/webdriver/troubleshooting/errors#no-such-element-exception
Build info: version: &apos;4.15.0&apos;, revision: &apos;1d14b5521b&apos;
System info: os.name: &apos;Windows 10&apos;, os.arch: &apos;amd64&apos;, os.version: &apos;10.0&apos;, java.version: &apos;21.0.7&apos;
Driver info: org.openqa.selenium.chrome.ChromeDriver
Command: [9fb5c5029c80fc1fb5c206ddc225c0cf, findElement {using=class name, value=us-link}]
Capabilities {acceptInsecureCerts: false, browserName: chrome, browserVersion: 139.0.7258.139, chrome: {chromedriverVersion: 139.0.7258.154 (9e0d6b2b47f..., userDataDir: C:\Users\RAKESH~1\AppData\L...}, fedcm:accounts: true, goog:chromeOptions: {debuggerAddress: localhost:54518}, networkConnectionEnabled: false, pageLoadStrategy: normal, platformName: windows, proxy: Proxy(), se:cdp: ws://localhost:54518/devtoo..., se:cdpVersion: 139.0.7258.139, setWindowRect: true, strictFileInteractability: false, timeouts: {implicit: 0, pageLoad: 300000, script: 30000}, unhandledPromptBehavior: dismiss and notify, webauthn:extension:credBlob: true, webauthn:extension:largeBlob: true, webauthn:extension:minPinLength: true, webauthn:extension:prf: true, webauthn:virtualAuthenticators: true}
Session ID: 9fb5c5029c80fc1fb5c206ddc225c0cf
	at org.openqa.selenium.remote.codec.w3c.W3CHttpResponseCodec.createException(W3CHttpResponseCodec.java:200)
	at org.openqa.selenium.remote.codec.w3c.W3CHttpResponseCodec.decode(W3CHttpResponseCodec.java:133)
	at org.openqa.selenium.remote.codec.w3c.W3CHttpResponseCodec.decode(W3CHttpResponseCodec.java:52)
	at org.openqa.selenium.remote.HttpCommandExecutor.execute(HttpCommandExecutor.java:191)
	at org.openqa.selenium.remote.service.DriverCommandExecutor.invokeExecute(DriverCommandExecutor.java:200)
	at org.openqa.selenium.remote.service.DriverCommandExecutor.execute(DriverCommandExecutor.java:175)
	at org.openqa.selenium.remote.RemoteWebDriver.execute(RemoteWebDriver.java:607)
	at org.openqa.selenium.remote.ElementLocation$ElementFinder$2.findElement(ElementLocation.java:165)
	at org.openqa.selenium.remote.ElementLocation.findElement(ElementLocation.java:66)
	at org.openqa.selenium.remote.RemoteWebDriver.findElement(RemoteWebDriver.java:364)
	at org.openqa.selenium.remote.RemoteWebDriver.findElement(RemoteWebDriver.java:358)
	at org.openqa.selenium.support.pagefactory.DefaultElementLocator.findElement(DefaultElementLocator.java:68)
	at org.openqa.selenium.support.pagefactory.internal.LocatingElementHandler.invoke(LocatingElementHandler.java:38)
	at jdk.proxy2/jdk.proxy2.$Proxy20.isDisplayed(Unknown Source)
	at org.openqa.selenium.support.ui.ExpectedConditions.elementIfVisible(ExpectedConditions.java:304)
	at org.openqa.selenium.support.ui.ExpectedConditions$10.apply(ExpectedConditions.java:290)
	at org.openqa.selenium.support.ui.ExpectedConditions$10.apply(ExpectedConditions.java:287)
	at org.openqa.selenium.support.ui.ExpectedConditions$23.apply(ExpectedConditions.java:656)
	at org.openqa.selenium.support.ui.ExpectedConditions$23.apply(ExpectedConditions.java:652)
	at org.openqa.selenium.support.ui.FluentWait.until(FluentWait.java:204)
	... 28 more
... Removed 28 stack frames
</div> <!-- stack-trace -->
                </div> <!-- method-content -->
              </div> <!-- method -->
            </div> <!-- main-panel-content rounded-window-bottom -->
          </div> <!-- suite-Automation_Suite-class-failed -->
          <div class="suite-Automation_Suite-class-skipped">
            <div class="main-panel-header rounded-window-top">
              <img src="skipped.png"/>
              <span class="class-name">testCaseBestBuy.TC_04_CheckTitleOfAllMenu</span>
            </div> <!-- main-panel-header rounded-window-top -->
            <div class="main-panel-content rounded-window-bottom">
              <div class="method">
                <div class="method-content">
                  <a name="tc_04_CheckTitleOfAllMenu(Health &amp; Wellness, Health &amp; Wellness Solutions &amp; Technology - Best Buy)">
                  </a> <!-- tc_04_CheckTitleOfAllMenu(Health & Wellness, Health & Wellness Solutions & Technology - Best Buy) -->
                  <span class="method-name">tc_04_CheckTitleOfAllMenu</span>
                  <span class="parameters">(Health & Wellness,Health & Wellness Solutions & Technology - Best Buy)</span>
                  <div class="stack-trace">java.lang.RuntimeException: WebDriver initialization failed
	at baseBestBuy.BaseClassBB.initialization(BaseClassBB.java:218)
	at baseBestBuy.BaseClassBB.setUp(BaseClassBB.java:57)
	at java.base/java.util.ArrayList.forEach(ArrayList.java:1596)
Caused by: org.openqa.selenium.WebDriverException: unknown error: net::ERR_INTERNET_DISCONNECTED
  (Session info: chrome=139.0.7258.139)
Build info: version: &apos;4.15.0&apos;, revision: &apos;1d14b5521b&apos;
System info: os.name: &apos;Windows 10&apos;, os.arch: &apos;amd64&apos;, os.version: &apos;10.0&apos;, java.version: &apos;21.0.7&apos;
Driver info: org.openqa.selenium.chrome.ChromeDriver
Command: [d7627ae7e012ceeeb07cdb23cbb10a16, get {url=https://www.bestbuy.com/}]
Capabilities {acceptInsecureCerts: false, browserName: chrome, browserVersion: 139.0.7258.139, chrome: {chromedriverVersion: 139.0.7258.154 (9e0d6b2b47f..., userDataDir: C:\Users\RAKESH~1\AppData\L...}, fedcm:accounts: true, goog:chromeOptions: {debuggerAddress: localhost:54504}, networkConnectionEnabled: false, pageLoadStrategy: normal, platformName: windows, proxy: Proxy(), se:cdp: ws://localhost:54504/devtoo..., se:cdpVersion: 139.0.7258.139, setWindowRect: true, strictFileInteractability: false, timeouts: {implicit: 0, pageLoad: 300000, script: 30000}, unhandledPromptBehavior: dismiss and notify, webauthn:extension:credBlob: true, webauthn:extension:largeBlob: true, webauthn:extension:minPinLength: true, webauthn:extension:prf: true, webauthn:virtualAuthenticators: true}
Session ID: d7627ae7e012ceeeb07cdb23cbb10a16
	at org.openqa.selenium.remote.codec.w3c.W3CHttpResponseCodec.createException(W3CHttpResponseCodec.java:200)
	at org.openqa.selenium.remote.codec.w3c.W3CHttpResponseCodec.decode(W3CHttpResponseCodec.java:133)
	at org.openqa.selenium.remote.codec.w3c.W3CHttpResponseCodec.decode(W3CHttpResponseCodec.java:52)
	at org.openqa.selenium.remote.HttpCommandExecutor.execute(HttpCommandExecutor.java:191)
	at org.openqa.selenium.remote.service.DriverCommandExecutor.invokeExecute(DriverCommandExecutor.java:200)
	at org.openqa.selenium.remote.service.DriverCommandExecutor.execute(DriverCommandExecutor.java:175)
	at org.openqa.selenium.remote.RemoteWebDriver.execute(RemoteWebDriver.java:607)
	at org.openqa.selenium.remote.RemoteWebDriver.get(RemoteWebDriver.java:309)
	at baseBestBuy.BaseClassBB.initialization(BaseClassBB.java:165)
	... 31 more
... Removed 32 stack frames
</div> <!-- stack-trace -->
                </div> <!-- method-content -->
              </div> <!-- method -->
              <div class="method">
                <div class="method-content">
                  <a name="tc_04_CheckTitleOfAllMenu(Gift Ideas, Gift Ideas 2023: Best Gifts to Give This Year - Best Buy)">
                  </a> <!-- tc_04_CheckTitleOfAllMenu(Gift Ideas, Gift Ideas 2023: Best Gifts to Give This Year - Best Buy) -->
                  <span class="method-name">tc_04_CheckTitleOfAllMenu</span>
                  <span class="parameters">(Gift Ideas,Gift Ideas 2023: Best Gifts to Give This Year - Best Buy)</span>
                  <div class="stack-trace">java.lang.RuntimeException: WebDriver initialization failed
	at baseBestBuy.BaseClassBB.initialization(BaseClassBB.java:218)
	at baseBestBuy.BaseClassBB.setUp(BaseClassBB.java:57)
	at java.base/java.util.ArrayList.forEach(ArrayList.java:1596)
Caused by: org.openqa.selenium.WebDriverException: unknown error: net::ERR_INTERNET_DISCONNECTED
  (Session info: chrome=139.0.7258.139)
Build info: version: &apos;4.15.0&apos;, revision: &apos;1d14b5521b&apos;
System info: os.name: &apos;Windows 10&apos;, os.arch: &apos;amd64&apos;, os.version: &apos;10.0&apos;, java.version: &apos;21.0.7&apos;
Driver info: org.openqa.selenium.chrome.ChromeDriver
Command: [d7627ae7e012ceeeb07cdb23cbb10a16, get {url=https://www.bestbuy.com/}]
Capabilities {acceptInsecureCerts: false, browserName: chrome, browserVersion: 139.0.7258.139, chrome: {chromedriverVersion: 139.0.7258.154 (9e0d6b2b47f..., userDataDir: C:\Users\RAKESH~1\AppData\L...}, fedcm:accounts: true, goog:chromeOptions: {debuggerAddress: localhost:54504}, networkConnectionEnabled: false, pageLoadStrategy: normal, platformName: windows, proxy: Proxy(), se:cdp: ws://localhost:54504/devtoo..., se:cdpVersion: 139.0.7258.139, setWindowRect: true, strictFileInteractability: false, timeouts: {implicit: 0, pageLoad: 300000, script: 30000}, unhandledPromptBehavior: dismiss and notify, webauthn:extension:credBlob: true, webauthn:extension:largeBlob: true, webauthn:extension:minPinLength: true, webauthn:extension:prf: true, webauthn:virtualAuthenticators: true}
Session ID: d7627ae7e012ceeeb07cdb23cbb10a16
	at org.openqa.selenium.remote.codec.w3c.W3CHttpResponseCodec.createException(W3CHttpResponseCodec.java:200)
	at org.openqa.selenium.remote.codec.w3c.W3CHttpResponseCodec.decode(W3CHttpResponseCodec.java:133)
	at org.openqa.selenium.remote.codec.w3c.W3CHttpResponseCodec.decode(W3CHttpResponseCodec.java:52)
	at org.openqa.selenium.remote.HttpCommandExecutor.execute(HttpCommandExecutor.java:191)
	at org.openqa.selenium.remote.service.DriverCommandExecutor.invokeExecute(DriverCommandExecutor.java:200)
	at org.openqa.selenium.remote.service.DriverCommandExecutor.execute(DriverCommandExecutor.java:175)
	at org.openqa.selenium.remote.RemoteWebDriver.execute(RemoteWebDriver.java:607)
	at org.openqa.selenium.remote.RemoteWebDriver.get(RemoteWebDriver.java:309)
	at baseBestBuy.BaseClassBB.initialization(BaseClassBB.java:165)
	... 31 more
... Removed 32 stack frames
</div> <!-- stack-trace -->
                </div> <!-- method-content -->
              </div> <!-- method -->
              <div class="method">
                <div class="method-content">
                  <a name="tc_04_CheckTitleOfAllMenu(Gift Cards, Gifts Cards and E-Gift Cards - Best Buy)">
                  </a> <!-- tc_04_CheckTitleOfAllMenu(Gift Cards, Gifts Cards and E-Gift Cards - Best Buy) -->
                  <span class="method-name">tc_04_CheckTitleOfAllMenu</span>
                  <span class="parameters">(Gift Cards,Gifts Cards and E-Gift Cards - Best Buy)</span>
                  <div class="stack-trace">java.lang.RuntimeException: WebDriver initialization failed
	at baseBestBuy.BaseClassBB.initialization(BaseClassBB.java:218)
	at baseBestBuy.BaseClassBB.setUp(BaseClassBB.java:57)
	at java.base/java.util.ArrayList.forEach(ArrayList.java:1596)
Caused by: org.openqa.selenium.WebDriverException: unknown error: net::ERR_INTERNET_DISCONNECTED
  (Session info: chrome=139.0.7258.139)
Build info: version: &apos;4.15.0&apos;, revision: &apos;1d14b5521b&apos;
System info: os.name: &apos;Windows 10&apos;, os.arch: &apos;amd64&apos;, os.version: &apos;10.0&apos;, java.version: &apos;21.0.7&apos;
Driver info: org.openqa.selenium.chrome.ChromeDriver
Command: [d7627ae7e012ceeeb07cdb23cbb10a16, get {url=https://www.bestbuy.com/}]
Capabilities {acceptInsecureCerts: false, browserName: chrome, browserVersion: 139.0.7258.139, chrome: {chromedriverVersion: 139.0.7258.154 (9e0d6b2b47f..., userDataDir: C:\Users\RAKESH~1\AppData\L...}, fedcm:accounts: true, goog:chromeOptions: {debuggerAddress: localhost:54504}, networkConnectionEnabled: false, pageLoadStrategy: normal, platformName: windows, proxy: Proxy(), se:cdp: ws://localhost:54504/devtoo..., se:cdpVersion: 139.0.7258.139, setWindowRect: true, strictFileInteractability: false, timeouts: {implicit: 0, pageLoad: 300000, script: 30000}, unhandledPromptBehavior: dismiss and notify, webauthn:extension:credBlob: true, webauthn:extension:largeBlob: true, webauthn:extension:minPinLength: true, webauthn:extension:prf: true, webauthn:virtualAuthenticators: true}
Session ID: d7627ae7e012ceeeb07cdb23cbb10a16
	at org.openqa.selenium.remote.codec.w3c.W3CHttpResponseCodec.createException(W3CHttpResponseCodec.java:200)
	at org.openqa.selenium.remote.codec.w3c.W3CHttpResponseCodec.decode(W3CHttpResponseCodec.java:133)
	at org.openqa.selenium.remote.codec.w3c.W3CHttpResponseCodec.decode(W3CHttpResponseCodec.java:52)
	at org.openqa.selenium.remote.HttpCommandExecutor.execute(HttpCommandExecutor.java:191)
	at org.openqa.selenium.remote.service.DriverCommandExecutor.invokeExecute(DriverCommandExecutor.java:200)
	at org.openqa.selenium.remote.service.DriverCommandExecutor.execute(DriverCommandExecutor.java:175)
	at org.openqa.selenium.remote.RemoteWebDriver.execute(RemoteWebDriver.java:607)
	at org.openqa.selenium.remote.RemoteWebDriver.get(RemoteWebDriver.java:309)
	at baseBestBuy.BaseClassBB.initialization(BaseClassBB.java:165)
	... 31 more
... Removed 32 stack frames
</div> <!-- stack-trace -->
                </div> <!-- method-content -->
              </div> <!-- method -->
              <div class="method">
                <div class="method-content">
                  <a name="tc_04_CheckTitleOfAllMenu(Credit Cards, Best Buy Credit Card: Rewards &amp; Financing)">
                  </a> <!-- tc_04_CheckTitleOfAllMenu(Credit Cards, Best Buy Credit Card: Rewards & Financing) -->
                  <span class="method-name">tc_04_CheckTitleOfAllMenu</span>
                  <span class="parameters">(Credit Cards,Best Buy Credit Card: Rewards & Financing)</span>
                  <div class="stack-trace">java.lang.RuntimeException: WebDriver initialization failed
	at baseBestBuy.BaseClassBB.initialization(BaseClassBB.java:218)
	at baseBestBuy.BaseClassBB.setUp(BaseClassBB.java:57)
	at java.base/java.util.ArrayList.forEach(ArrayList.java:1596)
Caused by: org.openqa.selenium.WebDriverException: unknown error: net::ERR_INTERNET_DISCONNECTED
  (Session info: chrome=139.0.7258.139)
Build info: version: &apos;4.15.0&apos;, revision: &apos;1d14b5521b&apos;
System info: os.name: &apos;Windows 10&apos;, os.arch: &apos;amd64&apos;, os.version: &apos;10.0&apos;, java.version: &apos;21.0.7&apos;
Driver info: org.openqa.selenium.chrome.ChromeDriver
Command: [d7627ae7e012ceeeb07cdb23cbb10a16, get {url=https://www.bestbuy.com/}]
Capabilities {acceptInsecureCerts: false, browserName: chrome, browserVersion: 139.0.7258.139, chrome: {chromedriverVersion: 139.0.7258.154 (9e0d6b2b47f..., userDataDir: C:\Users\RAKESH~1\AppData\L...}, fedcm:accounts: true, goog:chromeOptions: {debuggerAddress: localhost:54504}, networkConnectionEnabled: false, pageLoadStrategy: normal, platformName: windows, proxy: Proxy(), se:cdp: ws://localhost:54504/devtoo..., se:cdpVersion: 139.0.7258.139, setWindowRect: true, strictFileInteractability: false, timeouts: {implicit: 0, pageLoad: 300000, script: 30000}, unhandledPromptBehavior: dismiss and notify, webauthn:extension:credBlob: true, webauthn:extension:largeBlob: true, webauthn:extension:minPinLength: true, webauthn:extension:prf: true, webauthn:virtualAuthenticators: true}
Session ID: d7627ae7e012ceeeb07cdb23cbb10a16
	at org.openqa.selenium.remote.codec.w3c.W3CHttpResponseCodec.createException(W3CHttpResponseCodec.java:200)
	at org.openqa.selenium.remote.codec.w3c.W3CHttpResponseCodec.decode(W3CHttpResponseCodec.java:133)
	at org.openqa.selenium.remote.codec.w3c.W3CHttpResponseCodec.decode(W3CHttpResponseCodec.java:52)
	at org.openqa.selenium.remote.HttpCommandExecutor.execute(HttpCommandExecutor.java:191)
	at org.openqa.selenium.remote.service.DriverCommandExecutor.invokeExecute(DriverCommandExecutor.java:200)
	at org.openqa.selenium.remote.service.DriverCommandExecutor.execute(DriverCommandExecutor.java:175)
	at org.openqa.selenium.remote.RemoteWebDriver.execute(RemoteWebDriver.java:607)
	at org.openqa.selenium.remote.RemoteWebDriver.get(RemoteWebDriver.java:309)
	at baseBestBuy.BaseClassBB.initialization(BaseClassBB.java:165)
	... 31 more
... Removed 32 stack frames
</div> <!-- stack-trace -->
                </div> <!-- method-content -->
              </div> <!-- method -->
              <div class="method">
                <div class="method-content">
                  <a name="tc_04_CheckTitleOfAllMenu(Best Buy Outlet, Best Buy Outlet: Clearance Electronics Outlet Store – Best Buy)">
                  </a> <!-- tc_04_CheckTitleOfAllMenu(Best Buy Outlet, Best Buy Outlet: Clearance Electronics Outlet Store – Best Buy) -->
                  <span class="method-name">tc_04_CheckTitleOfAllMenu</span>
                  <span class="parameters">(Best Buy Outlet,Best Buy Outlet: Clearance Electronics Outlet Store – Best Buy)</span>
                  <div class="stack-trace">java.lang.RuntimeException: WebDriver initialization failed
	at baseBestBuy.BaseClassBB.initialization(BaseClassBB.java:218)
	at baseBestBuy.BaseClassBB.setUp(BaseClassBB.java:57)
	at java.base/java.util.ArrayList.forEach(ArrayList.java:1596)
Caused by: org.openqa.selenium.WebDriverException: unknown error: net::ERR_INTERNET_DISCONNECTED
  (Session info: chrome=139.0.7258.139)
Build info: version: &apos;4.15.0&apos;, revision: &apos;1d14b5521b&apos;
System info: os.name: &apos;Windows 10&apos;, os.arch: &apos;amd64&apos;, os.version: &apos;10.0&apos;, java.version: &apos;21.0.7&apos;
Driver info: org.openqa.selenium.chrome.ChromeDriver
Command: [d7627ae7e012ceeeb07cdb23cbb10a16, get {url=https://www.bestbuy.com/}]
Capabilities {acceptInsecureCerts: false, browserName: chrome, browserVersion: 139.0.7258.139, chrome: {chromedriverVersion: 139.0.7258.154 (9e0d6b2b47f..., userDataDir: C:\Users\RAKESH~1\AppData\L...}, fedcm:accounts: true, goog:chromeOptions: {debuggerAddress: localhost:54504}, networkConnectionEnabled: false, pageLoadStrategy: normal, platformName: windows, proxy: Proxy(), se:cdp: ws://localhost:54504/devtoo..., se:cdpVersion: 139.0.7258.139, setWindowRect: true, strictFileInteractability: false, timeouts: {implicit: 0, pageLoad: 300000, script: 30000}, unhandledPromptBehavior: dismiss and notify, webauthn:extension:credBlob: true, webauthn:extension:largeBlob: true, webauthn:extension:minPinLength: true, webauthn:extension:prf: true, webauthn:virtualAuthenticators: true}
Session ID: d7627ae7e012ceeeb07cdb23cbb10a16
	at org.openqa.selenium.remote.codec.w3c.W3CHttpResponseCodec.createException(W3CHttpResponseCodec.java:200)
	at org.openqa.selenium.remote.codec.w3c.W3CHttpResponseCodec.decode(W3CHttpResponseCodec.java:133)
	at org.openqa.selenium.remote.codec.w3c.W3CHttpResponseCodec.decode(W3CHttpResponseCodec.java:52)
	at org.openqa.selenium.remote.HttpCommandExecutor.execute(HttpCommandExecutor.java:191)
	at org.openqa.selenium.remote.service.DriverCommandExecutor.invokeExecute(DriverCommandExecutor.java:200)
	at org.openqa.selenium.remote.service.DriverCommandExecutor.execute(DriverCommandExecutor.java:175)
	at org.openqa.selenium.remote.RemoteWebDriver.execute(RemoteWebDriver.java:607)
	at org.openqa.selenium.remote.RemoteWebDriver.get(RemoteWebDriver.java:309)
	at baseBestBuy.BaseClassBB.initialization(BaseClassBB.java:165)
	... 31 more
... Removed 32 stack frames
</div> <!-- stack-trace -->
                </div> <!-- method-content -->
              </div> <!-- method -->
              <div class="method">
                <div class="method-content">
                  <a name="tc_04_CheckTitleOfAllMenu(Best Buy Business, Best Buy for Business - Best Buy)">
                  </a> <!-- tc_04_CheckTitleOfAllMenu(Best Buy Business, Best Buy for Business - Best Buy) -->
                  <span class="method-name">tc_04_CheckTitleOfAllMenu</span>
                  <span class="parameters">(Best Buy Business,Best Buy for Business - Best Buy)</span>
                  <div class="stack-trace">java.lang.RuntimeException: WebDriver initialization failed
	at baseBestBuy.BaseClassBB.initialization(BaseClassBB.java:218)
	at baseBestBuy.BaseClassBB.setUp(BaseClassBB.java:57)
	at java.base/java.util.ArrayList.forEach(ArrayList.java:1596)
Caused by: org.openqa.selenium.WebDriverException: unknown error: net::ERR_INTERNET_DISCONNECTED
  (Session info: chrome=139.0.7258.139)
Build info: version: &apos;4.15.0&apos;, revision: &apos;1d14b5521b&apos;
System info: os.name: &apos;Windows 10&apos;, os.arch: &apos;amd64&apos;, os.version: &apos;10.0&apos;, java.version: &apos;21.0.7&apos;
Driver info: org.openqa.selenium.chrome.ChromeDriver
Command: [d7627ae7e012ceeeb07cdb23cbb10a16, get {url=https://www.bestbuy.com/}]
Capabilities {acceptInsecureCerts: false, browserName: chrome, browserVersion: 139.0.7258.139, chrome: {chromedriverVersion: 139.0.7258.154 (9e0d6b2b47f..., userDataDir: C:\Users\RAKESH~1\AppData\L...}, fedcm:accounts: true, goog:chromeOptions: {debuggerAddress: localhost:54504}, networkConnectionEnabled: false, pageLoadStrategy: normal, platformName: windows, proxy: Proxy(), se:cdp: ws://localhost:54504/devtoo..., se:cdpVersion: 139.0.7258.139, setWindowRect: true, strictFileInteractability: false, timeouts: {implicit: 0, pageLoad: 300000, script: 30000}, unhandledPromptBehavior: dismiss and notify, webauthn:extension:credBlob: true, webauthn:extension:largeBlob: true, webauthn:extension:minPinLength: true, webauthn:extension:prf: true, webauthn:virtualAuthenticators: true}
Session ID: d7627ae7e012ceeeb07cdb23cbb10a16
	at org.openqa.selenium.remote.codec.w3c.W3CHttpResponseCodec.createException(W3CHttpResponseCodec.java:200)
	at org.openqa.selenium.remote.codec.w3c.W3CHttpResponseCodec.decode(W3CHttpResponseCodec.java:133)
	at org.openqa.selenium.remote.codec.w3c.W3CHttpResponseCodec.decode(W3CHttpResponseCodec.java:52)
	at org.openqa.selenium.remote.HttpCommandExecutor.execute(HttpCommandExecutor.java:191)
	at org.openqa.selenium.remote.service.DriverCommandExecutor.invokeExecute(DriverCommandExecutor.java:200)
	at org.openqa.selenium.remote.service.DriverCommandExecutor.execute(DriverCommandExecutor.java:175)
	at org.openqa.selenium.remote.RemoteWebDriver.execute(RemoteWebDriver.java:607)
	at org.openqa.selenium.remote.RemoteWebDriver.get(RemoteWebDriver.java:309)
	at baseBestBuy.BaseClassBB.initialization(BaseClassBB.java:165)
	... 31 more
... Removed 32 stack frames
</div> <!-- stack-trace -->
                </div> <!-- method-content -->
              </div> <!-- method -->
            </div> <!-- main-panel-content rounded-window-bottom -->
          </div> <!-- suite-Automation_Suite-class-skipped -->
          <div class="suite-Automation_Suite-class-skipped">
            <div class="main-panel-header rounded-window-top">
              <img src="skipped.png"/>
              <span class="class-name">testCaseBestBuy.TC_06_SearchAddItemInCart</span>
            </div> <!-- main-panel-header rounded-window-top -->
            <div class="main-panel-content rounded-window-bottom">
              <div class="method">
                <div class="method-content">
                  <a name="tc_06_SearchAddItemInCart">
                  </a> <!-- tc_06_SearchAddItemInCart -->
                  <span class="method-name">tc_06_SearchAddItemInCart</span>
                  <div class="stack-trace">java.lang.RuntimeException: WebDriver initialization failed
	at baseBestBuy.BaseClassBB.initialization(BaseClassBB.java:218)
	at baseBestBuy.BaseClassBB.setUp(BaseClassBB.java:57)
	at java.base/java.util.ArrayList.forEach(ArrayList.java:1596)
Caused by: org.openqa.selenium.WebDriverException: unknown error: net::ERR_INTERNET_DISCONNECTED
  (Session info: chrome=139.0.7258.139)
Build info: version: &apos;4.15.0&apos;, revision: &apos;1d14b5521b&apos;
System info: os.name: &apos;Windows 10&apos;, os.arch: &apos;amd64&apos;, os.version: &apos;10.0&apos;, java.version: &apos;21.0.7&apos;
Driver info: org.openqa.selenium.chrome.ChromeDriver
Command: [9fb5c5029c80fc1fb5c206ddc225c0cf, get {url=https://www.bestbuy.com/}]
Capabilities {acceptInsecureCerts: false, browserName: chrome, browserVersion: 139.0.7258.139, chrome: {chromedriverVersion: 139.0.7258.154 (9e0d6b2b47f..., userDataDir: C:\Users\RAKESH~1\AppData\L...}, fedcm:accounts: true, goog:chromeOptions: {debuggerAddress: localhost:54518}, networkConnectionEnabled: false, pageLoadStrategy: normal, platformName: windows, proxy: Proxy(), se:cdp: ws://localhost:54518/devtoo..., se:cdpVersion: 139.0.7258.139, setWindowRect: true, strictFileInteractability: false, timeouts: {implicit: 0, pageLoad: 300000, script: 30000}, unhandledPromptBehavior: dismiss and notify, webauthn:extension:credBlob: true, webauthn:extension:largeBlob: true, webauthn:extension:minPinLength: true, webauthn:extension:prf: true, webauthn:virtualAuthenticators: true}
Session ID: 9fb5c5029c80fc1fb5c206ddc225c0cf
	at org.openqa.selenium.remote.codec.w3c.W3CHttpResponseCodec.createException(W3CHttpResponseCodec.java:200)
	at org.openqa.selenium.remote.codec.w3c.W3CHttpResponseCodec.decode(W3CHttpResponseCodec.java:133)
	at org.openqa.selenium.remote.codec.w3c.W3CHttpResponseCodec.decode(W3CHttpResponseCodec.java:52)
	at org.openqa.selenium.remote.HttpCommandExecutor.execute(HttpCommandExecutor.java:191)
	at org.openqa.selenium.remote.service.DriverCommandExecutor.invokeExecute(DriverCommandExecutor.java:200)
	at org.openqa.selenium.remote.service.DriverCommandExecutor.execute(DriverCommandExecutor.java:175)
	at org.openqa.selenium.remote.RemoteWebDriver.execute(RemoteWebDriver.java:607)
	at org.openqa.selenium.remote.RemoteWebDriver.get(RemoteWebDriver.java:309)
	at baseBestBuy.BaseClassBB.initialization(BaseClassBB.java:165)
	... 31 more
... Removed 32 stack frames
</div> <!-- stack-trace -->
                </div> <!-- method-content -->
              </div> <!-- method -->
            </div> <!-- main-panel-content rounded-window-bottom -->
          </div> <!-- suite-Automation_Suite-class-skipped -->
          <div class="suite-Automation_Suite-class-passed">
            <div class="main-panel-header rounded-window-top">
              <img src="passed.png"/>
              <span class="class-name">testCaseBestBuy.TC_02_ValidateUrlIsNotBroken</span>
            </div> <!-- main-panel-header rounded-window-top -->
            <div class="main-panel-content rounded-window-bottom">
              <div class="method">
                <div class="method-content">
                  <a name="tc_02_validateUrlIsNotBroken">
                  </a> <!-- tc_02_validateUrlIsNotBroken -->
                  <span class="method-name">tc_02_validateUrlIsNotBroken</span>
                </div> <!-- method-content -->
              </div> <!-- method -->
            </div> <!-- main-panel-content rounded-window-bottom -->
          </div> <!-- suite-Automation_Suite-class-passed -->
          <div class="suite-Automation_Suite-class-passed">
            <div class="main-panel-header rounded-window-top">
              <img src="passed.png"/>
              <span class="class-name">testCaseBestBuy.TC_03_CreatAccountFunctionality</span>
            </div> <!-- main-panel-header rounded-window-top -->
            <div class="main-panel-content rounded-window-bottom">
              <div class="method">
                <div class="method-content">
                  <a name="tc_03_validateCreatAccountFunctionality(test, , vino18493@gmail.com, testingtesting, testingtesting, 9.87654321E9, //p[text()=&#039;Please enter ...)">
                  </a> <!-- tc_03_validateCreatAccountFunctionality(test, , vino18493@gmail.com, testingtesting, testingtesting, 9.87654321E9, //p[text()='Please enter ...) -->
                  <span class="method-name">tc_03_validateCreatAccountFunctionality</span>
                  <span class="parameters">(test,,vino18493@gmail.com,testingtesting,testingtesting,9.87654321E9,//p[text()='Please enter your last name.'],Please enter your last name.)</span>
                </div> <!-- method-content -->
              </div> <!-- method -->
              <div class="method">
                <div class="method-content">
                  <a name="tc_03_validateCreatAccountFunctionality(test, t, vino18493@gmail.com, testingtesting, testingtesting, 987654321, //p[text()=&#039;Please enter a ...)">
                  </a> <!-- tc_03_validateCreatAccountFunctionality(test, t, vino18493@gmail.com, testingtesting, testingtesting, 987654321, //p[text()='Please enter a ...) -->
                  <span class="method-name">tc_03_validateCreatAccountFunctionality</span>
                  <span class="parameters">(test,t,vino18493@gmail.com,testingtesting,testingtesting,987654321,//p[text()='Please enter a valid mobile phone number.'],Please enter a valid mobile phone number.)</span>
                </div> <!-- method-content -->
              </div> <!-- method -->
              <div class="method">
                <div class="method-content">
                  <a name="tc_03_validateCreatAccountFunctionality(test, t, vino18493@gmail.com, test, test, 9.87654321E9, //p[text()=&#039;Please enter a strong password.&#039;...)">
                  </a> <!-- tc_03_validateCreatAccountFunctionality(test, t, vino18493@gmail.com, test, test, 9.87654321E9, //p[text()='Please enter a strong password.'...) -->
                  <span class="method-name">tc_03_validateCreatAccountFunctionality</span>
                  <span class="parameters">(test,t,vino18493@gmail.com,test,test,9.87654321E9,//p[text()='Please enter a strong password.'],Please enter a strong password.)</span>
                </div> <!-- method-content -->
              </div> <!-- method -->
              <div class="method">
                <div class="method-content">
                  <a name="tc_03_validateCreatAccountFunctionality(test, t, vino18493@gmail.com, testingtesting, , 9.87654321E9, //p[text()=&#039;Passwords do not match.&#039;],...)">
                  </a> <!-- tc_03_validateCreatAccountFunctionality(test, t, vino18493@gmail.com, testingtesting, , 9.87654321E9, //p[text()='Passwords do not match.'],...) -->
                  <span class="method-name">tc_03_validateCreatAccountFunctionality</span>
                  <span class="parameters">(test,t,vino18493@gmail.com,testingtesting,,9.87654321E9,//p[text()='Passwords do not match.'],Passwords do not match.)</span>
                </div> <!-- method-content -->
              </div> <!-- method -->
              <div class="method">
                <div class="method-content">
                  <a name="tc_03_validateCreatAccountFunctionality(, t, vino18493@gmail.com, testingtesting, testingtesting, 9.87654321E9, //p[text()=&#039;Please enter you...)">
                  </a> <!-- tc_03_validateCreatAccountFunctionality(, t, vino18493@gmail.com, testingtesting, testingtesting, 9.87654321E9, //p[text()='Please enter you...) -->
                  <span class="method-name">tc_03_validateCreatAccountFunctionality</span>
                  <span class="parameters">(,t,vino18493@gmail.com,testingtesting,testingtesting,9.87654321E9,//p[text()='Please enter your first name.'],Please enter your first name.)</span>
                </div> <!-- method-content -->
              </div> <!-- method -->
              <div class="method">
                <div class="method-content">
                  <a name="tc_03_validateCreatAccountFunctionality(test, t, vino18493.com, testingtesting, testingtesting, 9.87654321E9, //p[text()=&#039;Please enter a val...)">
                  </a> <!-- tc_03_validateCreatAccountFunctionality(test, t, vino18493.com, testingtesting, testingtesting, 9.87654321E9, //p[text()='Please enter a val...) -->
                  <span class="method-name">tc_03_validateCreatAccountFunctionality</span>
                  <span class="parameters">(test,t,vino18493.com,testingtesting,testingtesting,9.87654321E9,//p[text()='Please enter a valid email address.'],Please enter a valid email address.)</span>
                </div> <!-- method-content -->
              </div> <!-- method -->
              <div class="method">
                <div class="method-content">
                  <a name="tc_03_validateCreatAccountFunctionality(test, t, vino18493@gmail.com, , , 9.87654321E9, //p[text()=&#039;Please enter a strong password.&#039;], Pleas...)">
                  </a> <!-- tc_03_validateCreatAccountFunctionality(test, t, vino18493@gmail.com, , , 9.87654321E9, //p[text()='Please enter a strong password.'], Pleas...) -->
                  <span class="method-name">tc_03_validateCreatAccountFunctionality</span>
                  <span class="parameters">(test,t,vino18493@gmail.com,,,9.87654321E9,//p[text()='Please enter a strong password.'],Please enter a strong password.)</span>
                </div> <!-- method-content -->
              </div> <!-- method -->
              <div class="method">
                <div class="method-content">
                  <a name="tc_03_validateCreatAccountFunctionality(test, t, vino18493@gmail.com, , testingtesting, 9.87654321E9, //p[text()=&#039;Passwords do not match.&#039;],...)">
                  </a> <!-- tc_03_validateCreatAccountFunctionality(test, t, vino18493@gmail.com, , testingtesting, 9.87654321E9, //p[text()='Passwords do not match.'],...) -->
                  <span class="method-name">tc_03_validateCreatAccountFunctionality</span>
                  <span class="parameters">(test,t,vino18493@gmail.com,,testingtesting,9.87654321E9,//p[text()='Passwords do not match.'],Passwords do not match.)</span>
                </div> <!-- method-content -->
              </div> <!-- method -->
              <div class="method">
                <div class="method-content">
                  <a name="tc_03_validateCreatAccountFunctionality(test, t, vino18493@gmail.com, testingtesting, testingtesting, qwertyuiop, //p[text()=&#039;Please enter a...)">
                  </a> <!-- tc_03_validateCreatAccountFunctionality(test, t, vino18493@gmail.com, testingtesting, testingtesting, qwertyuiop, //p[text()='Please enter a...) -->
                  <span class="method-name">tc_03_validateCreatAccountFunctionality</span>
                  <span class="parameters">(test,t,vino18493@gmail.com,testingtesting,testingtesting,qwertyuiop,//p[text()='Please enter a valid mobile phone number.'],Please enter a valid mobile phone number.)</span>
                </div> <!-- method-content -->
              </div> <!-- method -->
              <div class="method">
                <div class="method-content">
                  <a name="tc_03_validateCreatAccountFunctionality(test, t, vino18493@gmail.com, testingtesting, testingtesting, 98765qwert, //p[text()=&#039;Please enter a...)">
                  </a> <!-- tc_03_validateCreatAccountFunctionality(test, t, vino18493@gmail.com, testingtesting, testingtesting, 98765qwert, //p[text()='Please enter a...) -->
                  <span class="method-name">tc_03_validateCreatAccountFunctionality</span>
                  <span class="parameters">(test,t,vino18493@gmail.com,testingtesting,testingtesting,98765qwert,//p[text()='Please enter a valid mobile phone number.'],Please enter a valid mobile phone number.)</span>
                </div> <!-- method-content -->
              </div> <!-- method -->
            </div> <!-- main-panel-content rounded-window-bottom -->
          </div> <!-- suite-Automation_Suite-class-passed -->
          <div class="suite-Automation_Suite-class-passed">
            <div class="main-panel-header rounded-window-top">
              <img src="passed.png"/>
              <span class="class-name">testCaseBestBuy.TC_01_navgatingToBestBestApp</span>
            </div> <!-- main-panel-header rounded-window-top -->
            <div class="main-panel-content rounded-window-bottom">
              <div class="method">
                <div class="method-content">
                  <a name="tc_01_navgatingToBestBestApp">
                  </a> <!-- tc_01_navgatingToBestBestApp -->
                  <span class="method-name">tc_01_navgatingToBestBestApp</span>
                </div> <!-- method-content -->
              </div> <!-- method -->
            </div> <!-- main-panel-content rounded-window-bottom -->
          </div> <!-- suite-Automation_Suite-class-passed -->
        </div> <!-- panel Automation_Suite -->
        <div panel-name="test-xml-Automation_Suite" class="panel">
          <div class="main-panel-header rounded-window-top">
            <span class="header-content">D:\bestBuy\testng.xml</span>
          </div> <!-- main-panel-header rounded-window-top -->
          <div class="main-panel-content rounded-window-bottom">
            <pre>
&lt;?xml version=&quot;1.0&quot; encoding=&quot;UTF-8&quot;?&gt;
&lt;!DOCTYPE suite SYSTEM &quot;https://testng.org/testng-1.0.dtd&quot;&gt;
&lt;suite thread-count=&quot;1&quot; name=&quot;Automation Suite&quot; guice-stage=&quot;DEVELOPMENT&quot;&gt;
  &lt;test thread-count=&quot;1&quot; name=&quot;BestBuyTest&quot;&gt;
    &lt;classes&gt;
      &lt;class name=&quot;testCaseBestBuy.TC_01_navgatingToBestBestApp&quot;/&gt;
      &lt;class name=&quot;testCaseBestBuy.TC_02_ValidateUrlIsNotBroken&quot;/&gt;
      &lt;class name=&quot;testCaseBestBuy.TC_03_CreatAccountFunctionality&quot;/&gt;
      &lt;class name=&quot;testCaseBestBuy.TC_03_SignInFunctionality&quot;/&gt;
      &lt;class name=&quot;testCaseBestBuy.TC_04_CheckTitleOfAllMenu&quot;/&gt;
      &lt;class name=&quot;testCaseBestBuy.TC_05_ValidateLinkInBottomOfHomePage&quot;/&gt;
      &lt;class name=&quot;testCaseBestBuy.TC_06_SearchAddItemInCart&quot;/&gt;
      &lt;class name=&quot;testCaseBestBuy.TC_07_SelAddItemShopByDeptMenu&quot;/&gt;
      &lt;class name=&quot;testCaseBestBuy.TC_08_SelAddItemShopByBrandMenu&quot;/&gt;
      &lt;class name=&quot;testCaseBestBuy.TC_09_CheckOutPageFilling&quot;/&gt;
    &lt;/classes&gt;
  &lt;/test&gt; &lt;!-- BestBuyTest --&gt;
&lt;/suite&gt; &lt;!-- Automation Suite --&gt;
            </pre>
          </div> <!-- main-panel-content rounded-window-bottom -->
        </div> <!-- panel -->
        <div panel-name="testlist-Automation_Suite" class="panel">
          <div class="main-panel-header rounded-window-top">
            <span class="header-content">Tests for Automation Suite</span>
          </div> <!-- main-panel-header rounded-window-top -->
          <div class="main-panel-content rounded-window-bottom">
            <ul>
              <li>
                <span class="test-name">BestBuyTest (10 classes)</span>
              </li>
            </ul>
          </div> <!-- main-panel-content rounded-window-bottom -->
        </div> <!-- panel -->
        <div panel-name="group-Automation_Suite" class="panel">
          <div class="main-panel-header rounded-window-top">
            <span class="header-content">Groups for Automation Suite</span>
          </div> <!-- main-panel-header rounded-window-top -->
          <div class="main-panel-content rounded-window-bottom">
          </div> <!-- main-panel-content rounded-window-bottom -->
        </div> <!-- panel -->
        <div panel-name="times-Automation_Suite" class="panel">
          <div class="main-panel-header rounded-window-top">
            <span class="header-content">Times for Automation Suite</span>
          </div> <!-- main-panel-header rounded-window-top -->
          <div class="main-panel-content rounded-window-bottom">
            <div class="times-div">
              <script type="text/javascript">
suiteTableInitFunctions.push('tableData_Automation_Suite');
function tableData_Automation_Suite() {
var data = new google.visualization.DataTable();
data.addColumn('number', 'Number');
data.addColumn('string', 'Method');
data.addColumn('string', 'Class');
data.addColumn('number', 'Time (ms)');
data.addRows(31);
data.setCell(0, 0, 0)
data.setCell(0, 1, 'tc_03_SignInFunctionality')
data.setCell(0, 2, 'testCaseBestBuy.TC_03_SignInFunctionality')
data.setCell(0, 3, 44134);
data.setCell(1, 0, 1)
data.setCell(1, 1, 'tc_03_SignInFunctionality')
data.setCell(1, 2, 'testCaseBestBuy.TC_03_SignInFunctionality')
data.setCell(1, 3, 44037);
data.setCell(2, 0, 2)
data.setCell(2, 1, 'tc_04_CheckTitleOfAllMenu')
data.setCell(2, 2, 'testCaseBestBuy.TC_04_CheckTitleOfAllMenu')
data.setCell(2, 3, 43536);
data.setCell(3, 0, 3)
data.setCell(3, 1, 'tc_03_SignInFunctionality')
data.setCell(3, 2, 'testCaseBestBuy.TC_03_SignInFunctionality')
data.setCell(3, 3, 43519);
data.setCell(4, 0, 4)
data.setCell(4, 1, 'tc_03_SignInFunctionality')
data.setCell(4, 2, 'testCaseBestBuy.TC_03_SignInFunctionality')
data.setCell(4, 3, 43338);
data.setCell(5, 0, 5)
data.setCell(5, 1, 'tc_04_CheckTitleOfAllMenu')
data.setCell(5, 2, 'testCaseBestBuy.TC_04_CheckTitleOfAllMenu')
data.setCell(5, 3, 43333);
data.setCell(6, 0, 6)
data.setCell(6, 1, 'tc_09_CheckOutPageFilling')
data.setCell(6, 2, 'testCaseBestBuy.TC_09_CheckOutPageFilling')
data.setCell(6, 3, 43327);
data.setCell(7, 0, 7)
data.setCell(7, 1, 'tc_07_selAddItemShopByDeptMenu')
data.setCell(7, 2, 'testCaseBestBuy.TC_07_SelAddItemShopByDeptMenu')
data.setCell(7, 3, 43246);
data.setCell(8, 0, 8)
data.setCell(8, 1, 'tc_04_CheckTitleOfAllMenu')
data.setCell(8, 2, 'testCaseBestBuy.TC_04_CheckTitleOfAllMenu')
data.setCell(8, 3, 43199);
data.setCell(9, 0, 9)
data.setCell(9, 1, 'tc_08_selAddItemShopByBrandMenu')
data.setCell(9, 2, 'testCaseBestBuy.TC_08_SelAddItemShopByBrandMenu')
data.setCell(9, 3, 43182);
data.setCell(10, 0, 10)
data.setCell(10, 1, 'tc_05_validateLinkInBottomOfHomePage')
data.setCell(10, 2, 'testCaseBestBuy.TC_05_ValidateLinkInBottomOfHomePage')
data.setCell(10, 3, 30643);
data.setCell(11, 0, 11)
data.setCell(11, 1, 'tc_03_validateCreatAccountFunctionality')
data.setCell(11, 2, 'testCaseBestBuy.TC_03_CreatAccountFunctionality')
data.setCell(11, 3, 24207);
data.setCell(12, 0, 12)
data.setCell(12, 1, 'tc_02_validateUrlIsNotBroken')
data.setCell(12, 2, 'testCaseBestBuy.TC_02_ValidateUrlIsNotBroken')
data.setCell(12, 3, 23115);
data.setCell(13, 0, 13)
data.setCell(13, 1, 'tc_03_validateCreatAccountFunctionality')
data.setCell(13, 2, 'testCaseBestBuy.TC_03_CreatAccountFunctionality')
data.setCell(13, 3, 16499);
data.setCell(14, 0, 14)
data.setCell(14, 1, 'tc_03_validateCreatAccountFunctionality')
data.setCell(14, 2, 'testCaseBestBuy.TC_03_CreatAccountFunctionality')
data.setCell(14, 3, 16380);
data.setCell(15, 0, 15)
data.setCell(15, 1, 'tc_03_validateCreatAccountFunctionality')
data.setCell(15, 2, 'testCaseBestBuy.TC_03_CreatAccountFunctionality')
data.setCell(15, 3, 15238);
data.setCell(16, 0, 16)
data.setCell(16, 1, 'tc_03_validateCreatAccountFunctionality')
data.setCell(16, 2, 'testCaseBestBuy.TC_03_CreatAccountFunctionality')
data.setCell(16, 3, 15211);
data.setCell(17, 0, 17)
data.setCell(17, 1, 'tc_03_validateCreatAccountFunctionality')
data.setCell(17, 2, 'testCaseBestBuy.TC_03_CreatAccountFunctionality')
data.setCell(17, 3, 15099);
data.setCell(18, 0, 18)
data.setCell(18, 1, 'tc_03_validateCreatAccountFunctionality')
data.setCell(18, 2, 'testCaseBestBuy.TC_03_CreatAccountFunctionality')
data.setCell(18, 3, 15063);
data.setCell(19, 0, 19)
data.setCell(19, 1, 'tc_03_validateCreatAccountFunctionality')
data.setCell(19, 2, 'testCaseBestBuy.TC_03_CreatAccountFunctionality')
data.setCell(19, 3, 15010);
data.setCell(20, 0, 20)
data.setCell(20, 1, 'tc_03_validateCreatAccountFunctionality')
data.setCell(20, 2, 'testCaseBestBuy.TC_03_CreatAccountFunctionality')
data.setCell(20, 3, 14737);
data.setCell(21, 0, 21)
data.setCell(21, 1, 'tc_03_validateCreatAccountFunctionality')
data.setCell(21, 2, 'testCaseBestBuy.TC_03_CreatAccountFunctionality')
data.setCell(21, 3, 14480);
data.setCell(22, 0, 22)
data.setCell(22, 1, 'tc_03_validateCreatAccountFunctionality')
data.setCell(22, 2, 'testCaseBestBuy.TC_03_CreatAccountFunctionality')
data.setCell(22, 3, 13963);
data.setCell(23, 0, 23)
data.setCell(23, 1, 'tc_01_navgatingToBestBestApp')
data.setCell(23, 2, 'testCaseBestBuy.TC_01_navgatingToBestBestApp')
data.setCell(23, 3, 3606);
data.setCell(24, 0, 24)
data.setCell(24, 1, 'tc_04_CheckTitleOfAllMenu')
data.setCell(24, 2, 'testCaseBestBuy.TC_04_CheckTitleOfAllMenu')
data.setCell(24, 3, 0);
data.setCell(25, 0, 25)
data.setCell(25, 1, 'tc_04_CheckTitleOfAllMenu')
data.setCell(25, 2, 'testCaseBestBuy.TC_04_CheckTitleOfAllMenu')
data.setCell(25, 3, 0);
data.setCell(26, 0, 26)
data.setCell(26, 1, 'tc_04_CheckTitleOfAllMenu')
data.setCell(26, 2, 'testCaseBestBuy.TC_04_CheckTitleOfAllMenu')
data.setCell(26, 3, 0);
data.setCell(27, 0, 27)
data.setCell(27, 1, 'tc_04_CheckTitleOfAllMenu')
data.setCell(27, 2, 'testCaseBestBuy.TC_04_CheckTitleOfAllMenu')
data.setCell(27, 3, 0);
data.setCell(28, 0, 28)
data.setCell(28, 1, 'tc_06_SearchAddItemInCart')
data.setCell(28, 2, 'testCaseBestBuy.TC_06_SearchAddItemInCart')
data.setCell(28, 3, 0);
data.setCell(29, 0, 29)
data.setCell(29, 1, 'tc_04_CheckTitleOfAllMenu')
data.setCell(29, 2, 'testCaseBestBuy.TC_04_CheckTitleOfAllMenu')
data.setCell(29, 3, 0);
data.setCell(30, 0, 30)
data.setCell(30, 1, 'tc_04_CheckTitleOfAllMenu')
data.setCell(30, 2, 'testCaseBestBuy.TC_04_CheckTitleOfAllMenu')
data.setCell(30, 3, 0);
window.suiteTableData['Automation_Suite']= { tableData: data, tableDiv: 'times-div-Automation_Suite'}
return data;
}
              </script>
              <span class="suite-total-time">Total running time: 11 minutes</span>
              <div id="times-div-Automation_Suite">
              </div> <!-- times-div-Automation_Suite -->
            </div> <!-- times-div -->
          </div> <!-- main-panel-content rounded-window-bottom -->
        </div> <!-- panel -->
        <div panel-name="reporter-Automation_Suite" class="panel">
          <div class="main-panel-header rounded-window-top">
            <span class="header-content">Reporter output for Automation Suite</span>
          </div> <!-- main-panel-header rounded-window-top -->
          <div class="main-panel-content rounded-window-bottom">
          </div> <!-- main-panel-content rounded-window-bottom -->
        </div> <!-- panel -->
        <div panel-name="ignored-methods-Automation_Suite" class="panel">
          <div class="main-panel-header rounded-window-top">
            <span class="header-content">18 ignored methods</span>
          </div> <!-- main-panel-header rounded-window-top -->
          <div class="main-panel-content rounded-window-bottom">
            <div class="ignored-class-div">
              <span class="ignored-class-name">testCaseBestBuy.TC_02_ValidateUrlIsNotBroken</span>
              <div class="ignored-methods-div">
                <span class="ignored-method-name">tearDownSuite</span>
                <br/>
                <span class="ignored-method-name">setUpSuite</span>
                <br/>
              </div> <!-- ignored-methods-div -->
            </div> <!-- ignored-class-div -->
            <div class="ignored-class-div">
              <span class="ignored-class-name">testCaseBestBuy.TC_04_CheckTitleOfAllMenu</span>
              <div class="ignored-methods-div">
                <span class="ignored-method-name">setUpSuite</span>
                <br/>
                <span class="ignored-method-name">tearDownSuite</span>
                <br/>
              </div> <!-- ignored-methods-div -->
            </div> <!-- ignored-class-div -->
            <div class="ignored-class-div">
              <span class="ignored-class-name">testCaseBestBuy.TC_05_ValidateLinkInBottomOfHomePage</span>
              <div class="ignored-methods-div">
                <span class="ignored-method-name">tearDownSuite</span>
                <br/>
                <span class="ignored-method-name">setUpSuite</span>
                <br/>
              </div> <!-- ignored-methods-div -->
            </div> <!-- ignored-class-div -->
            <div class="ignored-class-div">
              <span class="ignored-class-name">testCaseBestBuy.TC_03_CreatAccountFunctionality</span>
              <div class="ignored-methods-div">
                <span class="ignored-method-name">tearDownSuite</span>
                <br/>
                <span class="ignored-method-name">setUpSuite</span>
                <br/>
              </div> <!-- ignored-methods-div -->
            </div> <!-- ignored-class-div -->
            <div class="ignored-class-div">
              <span class="ignored-class-name">testCaseBestBuy.TC_06_SearchAddItemInCart</span>
              <div class="ignored-methods-div">
                <span class="ignored-method-name">setUpSuite</span>
                <br/>
                <span class="ignored-method-name">tearDownSuite</span>
                <br/>
              </div> <!-- ignored-methods-div -->
            </div> <!-- ignored-class-div -->
            <div class="ignored-class-div">
              <span class="ignored-class-name">testCaseBestBuy.TC_08_SelAddItemShopByBrandMenu</span>
              <div class="ignored-methods-div">
                <span class="ignored-method-name">tearDownSuite</span>
                <br/>
                <span class="ignored-method-name">setUpSuite</span>
                <br/>
              </div> <!-- ignored-methods-div -->
            </div> <!-- ignored-class-div -->
            <div class="ignored-class-div">
              <span class="ignored-class-name">testCaseBestBuy.TC_09_CheckOutPageFilling</span>
              <div class="ignored-methods-div">
                <span class="ignored-method-name">tearDownSuite</span>
                <br/>
                <span class="ignored-method-name">setUpSuite</span>
                <br/>
              </div> <!-- ignored-methods-div -->
            </div> <!-- ignored-class-div -->
            <div class="ignored-class-div">
              <span class="ignored-class-name">testCaseBestBuy.TC_07_SelAddItemShopByDeptMenu</span>
              <div class="ignored-methods-div">
                <span class="ignored-method-name">tearDownSuite</span>
                <br/>
                <span class="ignored-method-name">setUpSuite</span>
                <br/>
              </div> <!-- ignored-methods-div -->
            </div> <!-- ignored-class-div -->
            <div class="ignored-class-div">
              <span class="ignored-class-name">testCaseBestBuy.TC_03_SignInFunctionality</span>
              <div class="ignored-methods-div">
                <span class="ignored-method-name">tearDownSuite</span>
                <br/>
                <span class="ignored-method-name">setUpSuite</span>
                <br/>
              </div> <!-- ignored-methods-div -->
            </div> <!-- ignored-class-div -->
          </div> <!-- main-panel-content rounded-window-bottom -->
        </div> <!-- panel -->
        <div panel-name="chronological-Automation_Suite" class="panel">
          <div class="main-panel-header rounded-window-top">
            <span class="header-content">Methods in chronological order</span>
          </div> <!-- main-panel-header rounded-window-top -->
          <div class="main-panel-content rounded-window-bottom">
            <div class="chronological-class">
              <div class="chronological-class-name">testCaseBestBuy.TC_01_navgatingToBestBestApp</div> <!-- chronological-class-name -->
              <div class="configuration-suite before">
                <span class="method-name">setUpSuite</span>
                <span class="method-start">0 ms</span>
              </div> <!-- configuration-suite before -->
              <div class="configuration-method before">
                <span class="method-name">setUp</span>
                <span class="method-start">498 ms</span>
              </div> <!-- configuration-method before -->
              <div class="configuration-method before">
                <span class="method-name">setup</span>
                <span class="method-start">35753 ms</span>
              </div> <!-- configuration-method before -->
              <div class="test-method">
                <span class="method-name">tc_01_navgatingToBestBestApp</span>
                <span class="method-start">35780 ms</span>
              </div> <!-- test-method -->
              <div class="configuration-method after">
                <span class="method-name">tearDown</span>
                <span class="method-start">39391 ms</span>
              </div> <!-- configuration-method after -->
            </div> <!-- chronological-class -->
            <div class="chronological-class">
              <div class="chronological-class-name">testCaseBestBuy.TC_02_ValidateUrlIsNotBroken</div> <!-- chronological-class-name -->
              <div class="configuration-method before">
                <span class="method-name">setUp</span>
                <span class="method-start">39770 ms</span>
              </div> <!-- configuration-method before -->
              <div class="configuration-method before">
                <span class="method-name">setup</span>
                <span class="method-start">68220 ms</span>
              </div> <!-- configuration-method before -->
              <div class="test-method">
                <span class="method-name">tc_02_validateUrlIsNotBroken</span>
                <span class="method-start">68224 ms</span>
              </div> <!-- test-method -->
              <div class="configuration-method after">
                <span class="method-name">tearDown</span>
                <span class="method-start">91352 ms</span>
              </div> <!-- configuration-method after -->
            </div> <!-- chronological-class -->
            <div class="chronological-class">
              <div class="chronological-class-name">testCaseBestBuy.TC_03_CreatAccountFunctionality</div> <!-- chronological-class-name -->
              <div class="configuration-class before">
                <span class="method-name">setupClass</span>
                <span class="method-start">91714 ms</span>
              </div> <!-- configuration-class before -->
              <div class="configuration-method before">
                <span class="method-name">setUp</span>
                <span class="method-start">93006 ms</span>
              </div> <!-- configuration-method before -->
              <div class="configuration-method before">
                <span class="method-name">setup</span>
                <span class="method-start">120507 ms</span>
              </div> <!-- configuration-method before -->
              <div class="test-method">
                <span class="method-name">tc_03_validateCreatAccountFunctionality(test, , vino18493@gmail.com, testingtesting, testingtesting, 9.87654321E9, //p[text()='Please enter ...)</span>
                <span class="method-start">120509 ms</span>
              </div> <!-- test-method -->
              <div class="configuration-method after">
                <span class="method-name">tearDown</span>
                <span class="method-start">137010 ms</span>
              </div> <!-- configuration-method after -->
              <div class="configuration-method before">
                <span class="method-name">setUp</span>
                <span class="method-start">137364 ms</span>
              </div> <!-- configuration-method before -->
              <div class="configuration-method before">
                <span class="method-name">setup</span>
                <span class="method-start">163389 ms</span>
              </div> <!-- configuration-method before -->
              <div class="test-method">
                <span class="method-name">tc_03_validateCreatAccountFunctionality(, t, vino18493@gmail.com, testingtesting, testingtesting, 9.87654321E9, //p[text()='Please enter you...)</span>
                <span class="method-start">163390 ms</span>
              </div> <!-- test-method -->
              <div class="configuration-method after">
                <span class="method-name">tearDown</span>
                <span class="method-start">178603 ms</span>
              </div> <!-- configuration-method after -->
              <div class="configuration-method before">
                <span class="method-name">setUp</span>
                <span class="method-start">178975 ms</span>
              </div> <!-- configuration-method before -->
              <div class="configuration-method before">
                <span class="method-name">setup</span>
                <span class="method-start">206541 ms</span>
              </div> <!-- configuration-method before -->
              <div class="test-method">
                <span class="method-name">tc_03_validateCreatAccountFunctionality(test, t, vino18493.com, testingtesting, testingtesting, 9.87654321E9, //p[text()='Please enter a val...)</span>
                <span class="method-start">206543 ms</span>
              </div> <!-- test-method -->
              <div class="configuration-method after">
                <span class="method-name">tearDown</span>
                <span class="method-start">222924 ms</span>
              </div> <!-- configuration-method after -->
              <div class="configuration-method before">
                <span class="method-name">setUp</span>
                <span class="method-start">223313 ms</span>
              </div> <!-- configuration-method before -->
              <div class="configuration-method before">
                <span class="method-name">setup</span>
                <span class="method-start">250487 ms</span>
              </div> <!-- configuration-method before -->
              <div class="test-method">
                <span class="method-name">tc_03_validateCreatAccountFunctionality(test, t, vino18493@gmail.com, test, test, 9.87654321E9, //p[text()='Please enter a strong password.'...)</span>
                <span class="method-start">250488 ms</span>
              </div> <!-- test-method -->
              <div class="configuration-method after">
                <span class="method-name">tearDown</span>
                <span class="method-start">265553 ms</span>
              </div> <!-- configuration-method after -->
              <div class="configuration-method before">
                <span class="method-name">setUp</span>
                <span class="method-start">265916 ms</span>
              </div> <!-- configuration-method before -->
              <div class="configuration-method before">
                <span class="method-name">setup</span>
                <span class="method-start">291176 ms</span>
              </div> <!-- configuration-method before -->
              <div class="test-method">
                <span class="method-name">tc_03_validateCreatAccountFunctionality(test, t, vino18493@gmail.com, , testingtesting, 9.87654321E9, //p[text()='Passwords do not match.'],...)</span>
                <span class="method-start">291176 ms</span>
              </div> <!-- test-method -->
              <div class="configuration-method after">
                <span class="method-name">tearDown</span>
                <span class="method-start">305657 ms</span>
              </div> <!-- configuration-method after -->
              <div class="configuration-method before">
                <span class="method-name">setUp</span>
                <span class="method-start">306004 ms</span>
              </div> <!-- configuration-method before -->
              <div class="configuration-method before">
                <span class="method-name">setup</span>
                <span class="method-start">333162 ms</span>
              </div> <!-- configuration-method before -->
              <div class="test-method">
                <span class="method-name">tc_03_validateCreatAccountFunctionality(test, t, vino18493@gmail.com, testingtesting, , 9.87654321E9, //p[text()='Passwords do not match.'],...)</span>
                <span class="method-start">333168 ms</span>
              </div> <!-- test-method -->
              <div class="configuration-method after">
                <span class="method-name">tearDown</span>
                <span class="method-start">348179 ms</span>
              </div> <!-- configuration-method after -->
              <div class="configuration-method before">
                <span class="method-name">setUp</span>
                <span class="method-start">348587 ms</span>
              </div> <!-- configuration-method before -->
              <div class="configuration-method before">
                <span class="method-name">setup</span>
                <span class="method-start">376064 ms</span>
              </div> <!-- configuration-method before -->
              <div class="test-method">
                <span class="method-name">tc_03_validateCreatAccountFunctionality(test, t, vino18493@gmail.com, , , 9.87654321E9, //p[text()='Please enter a strong password.'], Pleas...)</span>
                <span class="method-start">376066 ms</span>
              </div> <!-- test-method -->
              <div class="configuration-method after">
                <span class="method-name">tearDown</span>
                <span class="method-start">391306 ms</span>
              </div> <!-- configuration-method after -->
              <div class="configuration-method before">
                <span class="method-name">setUp</span>
                <span class="method-start">391696 ms</span>
              </div> <!-- configuration-method before -->
              <div class="configuration-method before">
                <span class="method-name">setup</span>
                <span class="method-start">418842 ms</span>
              </div> <!-- configuration-method before -->
              <div class="test-method">
                <span class="method-name">tc_03_validateCreatAccountFunctionality(test, t, vino18493@gmail.com, testingtesting, testingtesting, 987654321, //p[text()='Please enter a ...)</span>
                <span class="method-start">418844 ms</span>
              </div> <!-- test-method -->
              <div class="configuration-method after">
                <span class="method-name">tearDown</span>
                <span class="method-start">433944 ms</span>
              </div> <!-- configuration-method after -->
              <div class="configuration-method before">
                <span class="method-name">setUp</span>
                <span class="method-start">434307 ms</span>
              </div> <!-- configuration-method before -->
              <div class="configuration-method before">
                <span class="method-name">setup</span>
                <span class="method-start">460928 ms</span>
              </div> <!-- configuration-method before -->
              <div class="test-method">
                <span class="method-name">tc_03_validateCreatAccountFunctionality(test, t, vino18493@gmail.com, testingtesting, testingtesting, 98765qwert, //p[text()='Please enter a...)</span>
                <span class="method-start">460931 ms</span>
              </div> <!-- test-method -->
              <div class="configuration-method after">
                <span class="method-name">tearDown</span>
                <span class="method-start">475669 ms</span>
              </div> <!-- configuration-method after -->
              <div class="configuration-method before">
                <span class="method-name">setUp</span>
                <span class="method-start">475999 ms</span>
              </div> <!-- configuration-method before -->
              <div class="configuration-method before">
                <span class="method-name">setup</span>
                <span class="method-start">503059 ms</span>
              </div> <!-- configuration-method before -->
              <div class="test-method">
                <span class="method-name">tc_03_validateCreatAccountFunctionality(test, t, vino18493@gmail.com, testingtesting, testingtesting, qwertyuiop, //p[text()='Please enter a...)</span>
                <span class="method-start">503060 ms</span>
              </div> <!-- test-method -->
              <div class="configuration-method after">
                <span class="method-name">tearDown</span>
                <span class="method-start">517024 ms</span>
              </div> <!-- configuration-method after -->
              <div class="configuration-method before">
                <span class="method-name">setUp</span>
                <span class="method-start">517384 ms</span>
              </div> <!-- configuration-method before -->
              <div class="configuration-method before">
                <span class="method-name">setup</span>
                <span class="method-start">544092 ms</span>
              </div> <!-- configuration-method before -->
              <div class="test-method">
                <img src="failed.png">
                </img>
                <span class="method-name">tc_03_validateCreatAccountFunctionality(test, t, vino18493@gmail.com, testingtesting, testingtesting, 9876543210, //strong[text()='Sorry, th...)</span>
                <span class="method-start">544093 ms</span>
              </div> <!-- test-method -->
              <div class="configuration-method after">
                <img src="failed.png">
                </img>
                <span class="method-name">tearDown</span>
                <span class="method-start">568303 ms</span>
              </div> <!-- configuration-method after -->
            </div> <!-- chronological-class -->
            <div class="chronological-class">
              <div class="chronological-class-name">testCaseBestBuy.TC_03_SignInFunctionality</div> <!-- chronological-class-name -->
              <div class="configuration-class before">
                <span class="method-name">setupClass</span>
                <span class="method-start">568321 ms</span>
              </div> <!-- configuration-class before -->
              <div class="configuration-method before">
                <span class="method-name">setUp</span>
                <span class="method-start">568473 ms</span>
              </div> <!-- configuration-method before -->
              <div class="configuration-method before">
                <span class="method-name">setup</span>
                <span class="method-start">568474 ms</span>
              </div> <!-- configuration-method before -->
              <div class="test-method">
                <img src="failed.png">
                </img>
                <span class="method-name">tc_03_SignInFunctionality(vino184@gmail.com, testing, //strong//div, We didn't find an account with that email address. Would ...)</span>
                <span class="method-start">568475 ms</span>
              </div> <!-- test-method -->
              <div class="configuration-method after">
                <span class="method-name">tearDown</span>
                <span class="method-start">611825 ms</span>
              </div> <!-- configuration-method after -->
              <div class="configuration-method before">
                <span class="method-name">setUp</span>
                <span class="method-start">612230 ms</span>
              </div> <!-- configuration-method before -->
              <div class="configuration-method before">
                <span class="method-name">setup</span>
                <span class="method-start">638508 ms</span>
              </div> <!-- configuration-method before -->
              <div class="test-method">
                <img src="failed.png">
                </img>
                <span class="method-name">tc_03_SignInFunctionality(vino18493@gmail.com, teting, //div[text()='The password was incorrect. Please try again.'], The pass...)</span>
                <span class="method-start">638509 ms</span>
              </div> <!-- test-method -->
              <div class="configuration-method after">
                <span class="method-name">tearDown</span>
                <span class="method-start">682652 ms</span>
              </div> <!-- configuration-method after -->
              <div class="configuration-method before">
                <span class="method-name">setUp</span>
                <span class="method-start">683044 ms</span>
              </div> <!-- configuration-method before -->
              <div class="configuration-method before">
                <span class="method-name">setup</span>
                <span class="method-start">710204 ms</span>
              </div> <!-- configuration-method before -->
              <div class="test-method">
                <img src="failed.png">
                </img>
                <span class="method-name">tc_03_SignInFunctionality(vino184@gmail.com, testingtesting, //div[text()='Sorry, something went wrong. Please try again.'], S...)</span>
                <span class="method-start">710204 ms</span>
              </div> <!-- test-method -->
              <div class="configuration-method after">
                <span class="method-name">tearDown</span>
                <span class="method-start">753729 ms</span>
              </div> <!-- configuration-method after -->
              <div class="configuration-method before">
                <span class="method-name">setUp</span>
                <span class="method-start">754074 ms</span>
              </div> <!-- configuration-method before -->
              <div class="configuration-method before">
                <span class="method-name">setup</span>
                <span class="method-start">798651 ms</span>
              </div> <!-- configuration-method before -->
              <div class="test-method">
                <img src="failed.png">
                </img>
                <span class="method-name">tc_03_SignInFunctionality(vino18493@gmail.com, testingtesting, //span[text()='Hi, Test'], Hi, Test)</span>
                <span class="method-start">798652 ms</span>
              </div> <!-- test-method -->
              <div class="configuration-method after">
                <span class="method-name">tearDown</span>
                <span class="method-start">842697 ms</span>
              </div> <!-- configuration-method after -->
            </div> <!-- chronological-class -->
            <div class="chronological-class">
              <div class="chronological-class-name">testCaseBestBuy.TC_04_CheckTitleOfAllMenu</div> <!-- chronological-class-name -->
              <div class="configuration-class before">
                <span class="method-name">setupClass</span>
                <span class="method-start">843071 ms</span>
              </div> <!-- configuration-class before -->
              <div class="configuration-method before">
                <span class="method-name">setUp</span>
                <span class="method-start">843137 ms</span>
              </div> <!-- configuration-method before -->
              <div class="configuration-method before">
                <span class="method-name">setup</span>
                <span class="method-start">886731 ms</span>
              </div> <!-- configuration-method before -->
              <div class="test-method">
                <img src="failed.png">
                </img>
                <span class="method-name">tc_04_CheckTitleOfAllMenu(Top Deals, Top Deals and Featured Offers on Electronics - Best Buy)</span>
                <span class="method-start">886733 ms</span>
              </div> <!-- test-method -->
              <div class="configuration-method after">
                <span class="method-name">tearDown</span>
                <span class="method-start">929936 ms</span>
              </div> <!-- configuration-method after -->
              <div class="configuration-method before">
                <span class="method-name">setUp</span>
                <span class="method-start">930346 ms</span>
              </div> <!-- configuration-method before -->
              <div class="configuration-method before">
                <span class="method-name">setup</span>
                <span class="method-start">957049 ms</span>
              </div> <!-- configuration-method before -->
              <div class="test-method">
                <img src="failed.png">
                </img>
                <span class="method-name">tc_04_CheckTitleOfAllMenu(Deal of the Day, Deal of the Day: Electronics Deals - Best Buy)</span>
                <span class="method-start">957052 ms</span>
              </div> <!-- test-method -->
              <div class="configuration-method after">
                <span class="method-name">tearDown</span>
                <span class="method-start">1000597 ms</span>
              </div> <!-- configuration-method after -->
              <div class="configuration-method before">
                <span class="method-name">setUp</span>
                <span class="method-start">1000972 ms</span>
              </div> <!-- configuration-method before -->
              <div class="configuration-method before">
                <span class="method-name">setup</span>
                <span class="method-start">1041403 ms</span>
              </div> <!-- configuration-method before -->
              <div class="test-method">
                <img src="failed.png">
                </img>
                <span class="method-name">tc_04_CheckTitleOfAllMenu(Totaltech Membership, Best Buy Totaltech™ – Best Buy)</span>
                <span class="method-start">1041404 ms</span>
              </div> <!-- test-method -->
              <div class="configuration-method after">
                <span class="method-name">tearDown</span>
                <span class="method-start">1084743 ms</span>
              </div> <!-- configuration-method after -->
              <div class="configuration-method before">
                <img src="failed.png">
                </img>
                <span class="method-name">setUp</span>
                <span class="method-start">1085128 ms</span>
              </div> <!-- configuration-method before -->
              <div class="configuration-method before">
                <span class="method-name">setup</span>
                <span class="method-start">1086982 ms</span>
              </div> <!-- configuration-method before -->
              <div class="test-method">
                <span class="method-name">tc_04_CheckTitleOfAllMenu(Credit Cards, Best Buy Credit Card: Rewards & Financing)</span>
                <span class="method-start">1086984 ms</span>
              </div> <!-- test-method -->
              <div class="configuration-method after">
                <span class="method-name">tearDown</span>
                <span class="method-start">1086990 ms</span>
              </div> <!-- configuration-method after -->
              <div class="configuration-method before">
                <span class="method-name">setup</span>
                <span class="method-start">1086992 ms</span>
              </div> <!-- configuration-method before -->
              <div class="configuration-method before">
                <span class="method-name">setUp</span>
                <span class="method-start">1086992 ms</span>
              </div> <!-- configuration-method before -->
              <div class="test-method">
                <span class="method-name">tc_04_CheckTitleOfAllMenu(Gift Cards, Gifts Cards and E-Gift Cards - Best Buy)</span>
                <span class="method-start">1086993 ms</span>
              </div> <!-- test-method -->
              <div class="configuration-method after">
                <span class="method-name">tearDown</span>
                <span class="method-start">1086996 ms</span>
              </div> <!-- configuration-method after -->
              <div class="configuration-method before">
                <span class="method-name">setUp</span>
                <span class="method-start">1086998 ms</span>
              </div> <!-- configuration-method before -->
              <div class="configuration-method before">
                <span class="method-name">setup</span>
                <span class="method-start">1086999 ms</span>
              </div> <!-- configuration-method before -->
              <div class="test-method">
                <span class="method-name">tc_04_CheckTitleOfAllMenu(Gift Ideas, Gift Ideas 2023: Best Gifts to Give This Year - Best Buy)</span>
                <span class="method-start">1087000 ms</span>
              </div> <!-- test-method -->
              <div class="configuration-method after">
                <span class="method-name">tearDown</span>
                <span class="method-start">1087005 ms</span>
              </div> <!-- configuration-method after -->
              <div class="configuration-method before">
                <span class="method-name">setUp</span>
                <span class="method-start">1087008 ms</span>
              </div> <!-- configuration-method before -->
              <div class="configuration-method before">
                <span class="method-name">setup</span>
                <span class="method-start">1087009 ms</span>
              </div> <!-- configuration-method before -->
              <div class="test-method">
                <span class="method-name">tc_04_CheckTitleOfAllMenu(Health & Wellness, Health & Wellness Solutions & Technology - Best Buy)</span>
                <span class="method-start">1087010 ms</span>
              </div> <!-- test-method -->
              <div class="configuration-method after">
                <span class="method-name">tearDown</span>
                <span class="method-start">1087014 ms</span>
              </div> <!-- configuration-method after -->
              <div class="configuration-method before">
                <span class="method-name">setUp</span>
                <span class="method-start">1087015 ms</span>
              </div> <!-- configuration-method before -->
              <div class="configuration-method before">
                <span class="method-name">setup</span>
                <span class="method-start">1087016 ms</span>
              </div> <!-- configuration-method before -->
              <div class="test-method">
                <span class="method-name">tc_04_CheckTitleOfAllMenu(Best Buy Outlet, Best Buy Outlet: Clearance Electronics Outlet Store – Best Buy)</span>
                <span class="method-start">1087029 ms</span>
              </div> <!-- test-method -->
              <div class="configuration-method after">
                <span class="method-name">tearDown</span>
                <span class="method-start">1087038 ms</span>
              </div> <!-- configuration-method after -->
              <div class="configuration-method before">
                <span class="method-name">setUp</span>
                <span class="method-start">1087047 ms</span>
              </div> <!-- configuration-method before -->
              <div class="configuration-method before">
                <span class="method-name">setup</span>
                <span class="method-start">1087050 ms</span>
              </div> <!-- configuration-method before -->
              <div class="test-method">
                <span class="method-name">tc_04_CheckTitleOfAllMenu(Best Buy Business, Best Buy for Business - Best Buy)</span>
                <span class="method-start">1087054 ms</span>
              </div> <!-- test-method -->
              <div class="configuration-method after">
                <span class="method-name">tearDown</span>
                <span class="method-start">1087059 ms</span>
              </div> <!-- configuration-method after -->
            </div> <!-- chronological-class -->
            <div class="chronological-class">
              <div class="chronological-class-name">testCaseBestBuy.TC_05_ValidateLinkInBottomOfHomePage</div> <!-- chronological-class-name -->
              <div class="configuration-method before">
                <span class="method-name">setUp</span>
                <span class="method-start">1087063 ms</span>
              </div> <!-- configuration-method before -->
              <div class="configuration-method before">
                <span class="method-name">setup</span>
                <span class="method-start">1087063 ms</span>
              </div> <!-- configuration-method before -->
              <div class="test-method">
                <img src="failed.png">
                </img>
                <span class="method-name">tc_05_validateLinkInBottomOfHomePage</span>
                <span class="method-start">1087065 ms</span>
              </div> <!-- test-method -->
              <div class="configuration-method after">
                <span class="method-name">tearDown</span>
                <span class="method-start">1117712 ms</span>
              </div> <!-- configuration-method after -->
            </div> <!-- chronological-class -->
            <div class="chronological-class">
              <div class="chronological-class-name">testCaseBestBuy.TC_06_SearchAddItemInCart</div> <!-- chronological-class-name -->
              <div class="configuration-method before">
                <img src="failed.png">
                </img>
                <span class="method-name">setUp</span>
                <span class="method-start">1117967 ms</span>
              </div> <!-- configuration-method before -->
            </div> <!-- chronological-class -->
            <div class="chronological-class">
              <div class="chronological-class-name">testCaseBestBuy.TC_07_SelAddItemShopByDeptMenu</div> <!-- chronological-class-name -->
              <div class="configuration-method before">
                <span class="method-name">setUp</span>
                <span class="method-start">1119380 ms</span>
              </div> <!-- configuration-method before -->
              <div class="configuration-method before">
                <span class="method-name">setup</span>
                <span class="method-start">1119382 ms</span>
              </div> <!-- configuration-method before -->
              <div class="test-method">
                <img src="failed.png">
                </img>
                <span class="method-name">tc_07_selAddItemShopByDeptMenu</span>
                <span class="method-start">1119384 ms</span>
              </div> <!-- test-method -->
              <div class="configuration-method after">
                <span class="method-name">tearDown</span>
                <span class="method-start">1162633 ms</span>
              </div> <!-- configuration-method after -->
            </div> <!-- chronological-class -->
            <div class="chronological-class">
              <div class="chronological-class-name">testCaseBestBuy.TC_08_SelAddItemShopByBrandMenu</div> <!-- chronological-class-name -->
              <div class="configuration-method before">
                <span class="method-name">setUp</span>
                <span class="method-start">1162835 ms</span>
              </div> <!-- configuration-method before -->
              <div class="configuration-method before">
                <span class="method-name">setup</span>
                <span class="method-start">1202662 ms</span>
              </div> <!-- configuration-method before -->
              <div class="test-method">
                <img src="failed.png">
                </img>
                <span class="method-name">tc_08_selAddItemShopByBrandMenu</span>
                <span class="method-start">1202663 ms</span>
              </div> <!-- test-method -->
              <div class="configuration-method after">
                <span class="method-name">tearDown</span>
                <span class="method-start">1245852 ms</span>
              </div> <!-- configuration-method after -->
            </div> <!-- chronological-class -->
            <div class="chronological-class">
              <div class="chronological-class-name">testCaseBestBuy.TC_09_CheckOutPageFilling</div> <!-- chronological-class-name -->
              <div class="configuration-method before">
                <span class="method-name">setUp</span>
                <span class="method-start">1246243 ms</span>
              </div> <!-- configuration-method before -->
              <div class="configuration-method before">
                <span class="method-name">setup</span>
                <span class="method-start">1273285 ms</span>
              </div> <!-- configuration-method before -->
              <div class="test-method">
                <img src="failed.png">
                </img>
                <span class="method-name">tc_09_CheckOutPageFilling</span>
                <span class="method-start">1273286 ms</span>
              </div> <!-- test-method -->
              <div class="configuration-method after">
                <span class="method-name">tearDown</span>
                <span class="method-start">1316619 ms</span>
              </div> <!-- configuration-method after -->
            </div> <!-- chronological-class -->
            <div class="chronological-class">
              <div class="chronological-class-name">testCaseBestBuy.TC_01_navgatingToBestBestApp</div> <!-- chronological-class-name -->
              <div class="configuration-suite after">
                <span class="method-name">tearDownSuite</span>
                <span class="method-start">1317113 ms</span>
              </div> <!-- configuration-suite after -->
          </div> <!-- main-panel-content rounded-window-bottom -->
        </div> <!-- panel -->
      </div> <!-- main-panel-root -->
    </div> <!-- wrapper -->
  </body>
<script type="text/javascript" src="testng-reports2.js"></script>
</html>
